2025-09-29 20:23:31.712 +02:00 [INF] User profile is available. Using '/home/mathias/.aspnet/DataProtection-Keys' as key repository; keys will not be encrypted at rest.
2025-09-29 20:23:31.758 +02:00 [INF] Now listening on: http://localhost:5155
2025-09-29 20:23:31.760 +02:00 [INF] Application started. Press Ctrl+C to shut down.
2025-09-29 20:23:31.761 +02:00 [INF] Hosting environment: Development
2025-09-29 20:23:31.761 +02:00 [INF] Content root path: /home/mathias/Documents/Programmering/QuizApp
2025-09-29 20:23:32.947 +02:00 [INF] Request starting HTTP/1.1 GET http://localhost:5155/ - null null
2025-09-29 20:23:32.958 +02:00 [INF] Executing endpoint 'QuizApp.Controllers.HomeController.Index (QuizApp)'
2025-09-29 20:23:32.963 +02:00 [INF] Route matched with {action = "Index", controller = "Home"}. Executing controller action with signature Microsoft.AspNetCore.Mvc.IActionResult Index() on controller QuizApp.Controllers.HomeController (QuizApp).
2025-09-29 20:23:32.966 +02:00 [INF] Executing ViewResult, running view Index.
2025-09-29 20:23:32.987 +02:00 [INF] Executed ViewResult - view Index executed in 20.8718ms.
2025-09-29 20:23:32.988 +02:00 [INF] Executed action QuizApp.Controllers.HomeController.Index (QuizApp) in 24.5396ms
2025-09-29 20:23:32.988 +02:00 [INF] Executed endpoint 'QuizApp.Controllers.HomeController.Index (QuizApp)'
2025-09-29 20:23:32.990 +02:00 [INF] Request finished HTTP/1.1 GET http://localhost:5155/ - 200 null text/html; charset=utf-8 43.8794ms
2025-09-29 20:23:33.689 +02:00 [INF] Request starting HTTP/1.1 GET http://localhost:5155/FillInTheBlank/Question/1 - null null
2025-09-29 20:23:33.690 +02:00 [INF] Executing endpoint 'QuizApp.Controllers.FillInTheBlankController.Question (QuizApp)'
2025-09-29 20:23:33.697 +02:00 [INF] Route matched with {action = "Question", controller = "FillInTheBlank"}. Executing controller action with signature System.Threading.Tasks.Task`1[Microsoft.AspNetCore.Mvc.IActionResult] Question(Int32) on controller QuizApp.Controllers.FillInTheBlankController (QuizApp).
2025-09-29 20:23:33.784 +02:00 [INF] Executing ViewResult, running view Question.
2025-09-29 20:23:33.818 +02:00 [INF] Executed ViewResult - view Question executed in 34.231ms.
2025-09-29 20:23:33.818 +02:00 [INF] Executed action QuizApp.Controllers.FillInTheBlankController.Question (QuizApp) in 121.2181ms
2025-09-29 20:23:33.818 +02:00 [INF] Executed endpoint 'QuizApp.Controllers.FillInTheBlankController.Question (QuizApp)'
2025-09-29 20:23:33.820 +02:00 [INF] Request finished HTTP/1.1 GET http://localhost:5155/FillInTheBlank/Question/1 - 200 null text/html; charset=utf-8 131.2941ms
2025-09-29 20:23:36.005 +02:00 [INF] Request starting HTTP/1.1 POST http://localhost:5155/FillInTheBlank/Question/1 - application/x-www-form-urlencoded 245
2025-09-29 20:23:36.007 +02:00 [INF] Executing endpoint 'QuizApp.Controllers.FillInTheBlankController.Question (QuizApp)'
2025-09-29 20:23:36.010 +02:00 [INF] Route matched with {action = "Question", controller = "FillInTheBlank"}. Executing controller action with signature System.Threading.Tasks.Task`1[Microsoft.AspNetCore.Mvc.IActionResult] Question(QuizApp.ViewModels.FillInTheBlankViewModel) on controller QuizApp.Controllers.FillInTheBlankController (QuizApp).
2025-09-29 20:23:36.047 +02:00 [INF] Executing ViewResult, running view Question.
2025-09-29 20:23:36.049 +02:00 [INF] Executed ViewResult - view Question executed in 2.0384ms.
2025-09-29 20:23:36.049 +02:00 [INF] Executed action QuizApp.Controllers.FillInTheBlankController.Question (QuizApp) in 38.7508ms
2025-09-29 20:23:36.049 +02:00 [INF] Executed endpoint 'QuizApp.Controllers.FillInTheBlankController.Question (QuizApp)'
2025-09-29 20:23:36.049 +02:00 [INF] Request finished HTTP/1.1 POST http://localhost:5155/FillInTheBlank/Question/1 - 200 null text/html; charset=utf-8 43.9803ms
2025-09-29 20:23:40.737 +02:00 [INF] Application is shutting down...
