2025-09-29 18:43:54.036 +02:00 [INF] User profile is available. Using '/home/mathias/.aspnet/DataProtection-Keys' as key repository; keys will not be encrypted at rest.
2025-09-29 18:43:54.081 +02:00 [INF] Now listening on: http://localhost:5155
2025-09-29 18:43:54.084 +02:00 [INF] Application started. Press Ctrl+C to shut down.
2025-09-29 18:43:54.084 +02:00 [INF] Hosting environment: Development
2025-09-29 18:43:54.084 +02:00 [INF] Content root path: /home/mathias/Documents/Programmering/QuizApp
2025-09-29 18:43:55.974 +02:00 [INF] Request starting HTTP/1.1 GET http://localhost:5155/ - null null
2025-09-29 18:43:55.986 +02:00 [INF] Executing endpoint 'QuizApp.Controllers.HomeController.Index (QuizApp)'
2025-09-29 18:43:55.991 +02:00 [INF] Route matched with {action = "Index", controller = "Home"}. Executing controller action with signature Microsoft.AspNetCore.Mvc.IActionResult Index() on controller QuizApp.Controllers.HomeController (QuizApp).
2025-09-29 18:43:55.994 +02:00 [INF] Executing ViewResult, running view Index.
2025-09-29 18:43:56.015 +02:00 [INF] Executed ViewResult - view Index executed in 21.4342ms.
2025-09-29 18:43:56.017 +02:00 [INF] Executed action QuizApp.Controllers.HomeController.Index (QuizApp) in 25.5815ms
2025-09-29 18:43:56.017 +02:00 [INF] Executed endpoint 'QuizApp.Controllers.HomeController.Index (QuizApp)'
2025-09-29 18:43:56.018 +02:00 [INF] Request finished HTTP/1.1 GET http://localhost:5155/ - 200 null text/html; charset=utf-8 45.3536ms
2025-09-29 18:43:57.481 +02:00 [INF] Request starting HTTP/1.1 GET http://localhost:5155/ - null null
2025-09-29 18:43:57.481 +02:00 [INF] Executing endpoint 'QuizApp.Controllers.HomeController.Index (QuizApp)'
2025-09-29 18:43:57.481 +02:00 [INF] Route matched with {action = "Index", controller = "Home"}. Executing controller action with signature Microsoft.AspNetCore.Mvc.IActionResult Index() on controller QuizApp.Controllers.HomeController (QuizApp).
2025-09-29 18:43:57.483 +02:00 [INF] Executing ViewResult, running view Index.
2025-09-29 18:43:57.485 +02:00 [INF] Executed ViewResult - view Index executed in 1.5846ms.
2025-09-29 18:43:57.485 +02:00 [INF] Executed action QuizApp.Controllers.HomeController.Index (QuizApp) in 3.3138ms
2025-09-29 18:43:57.485 +02:00 [INF] Executed endpoint 'QuizApp.Controllers.HomeController.Index (QuizApp)'
2025-09-29 18:43:57.485 +02:00 [INF] Request finished HTTP/1.1 GET http://localhost:5155/ - 200 null text/html; charset=utf-8 4.3003ms
2025-09-29 18:43:58.264 +02:00 [INF] Request starting HTTP/1.1 GET http://localhost:5155/FillInTheBlank/Question/1 - null null
2025-09-29 18:43:58.265 +02:00 [INF] Executing endpoint 'QuizApp.Controllers.FillInTheBlankController.Question (QuizApp)'
2025-09-29 18:43:58.271 +02:00 [INF] Route matched with {action = "Question", controller = "FillInTheBlank"}. Executing controller action with signature System.Threading.Tasks.Task`1[Microsoft.AspNetCore.Mvc.IActionResult] Question(Int32) on controller QuizApp.Controllers.FillInTheBlankController (QuizApp).
2025-09-29 18:43:58.355 +02:00 [INF] Executing ViewResult, running view Question.
2025-09-29 18:43:58.387 +02:00 [INF] Executed ViewResult - view Question executed in 32.2997ms.
2025-09-29 18:43:58.387 +02:00 [INF] Executed action QuizApp.Controllers.FillInTheBlankController.Question (QuizApp) in 116.0296ms
2025-09-29 18:43:58.387 +02:00 [INF] Executed endpoint 'QuizApp.Controllers.FillInTheBlankController.Question (QuizApp)'
2025-09-29 18:43:58.389 +02:00 [INF] Request finished HTTP/1.1 GET http://localhost:5155/FillInTheBlank/Question/1 - 200 null text/html; charset=utf-8 124.7923ms
2025-09-29 18:44:03.619 +02:00 [INF] Request starting HTTP/1.1 POST http://localhost:5155/FillInTheBlank/Question/1 - application/x-www-form-urlencoded 203
2025-09-29 18:44:03.620 +02:00 [INF] Executing endpoint 'QuizApp.Controllers.FillInTheBlankController.Question (QuizApp)'
2025-09-29 18:44:03.624 +02:00 [INF] Route matched with {action = "Question", controller = "FillInTheBlank"}. Executing controller action with signature System.Threading.Tasks.Task`1[Microsoft.AspNetCore.Mvc.IActionResult] Question(QuizApp.ViewModels.FillInTheBlankViewModel) on controller QuizApp.Controllers.FillInTheBlankController (QuizApp).
2025-09-29 18:44:03.657 +02:00 [INF] Executing ViewResult, running view Question.
2025-09-29 18:44:03.658 +02:00 [INF] Executed ViewResult - view Question executed in 1.3184ms.
2025-09-29 18:44:03.658 +02:00 [INF] Executed action QuizApp.Controllers.FillInTheBlankController.Question (QuizApp) in 34.0496ms
2025-09-29 18:44:03.658 +02:00 [INF] Executed endpoint 'QuizApp.Controllers.FillInTheBlankController.Question (QuizApp)'
2025-09-29 18:44:03.658 +02:00 [INF] Request finished HTTP/1.1 POST http://localhost:5155/FillInTheBlank/Question/1 - 200 null text/html; charset=utf-8 39.1356ms
2025-09-29 18:45:55.282 +02:00 [INF] Application is shutting down...
