2025-09-29 23:26:38.499 +02:00 [INF] User profile is available. Using '/home/mathias/.aspnet/DataProtection-Keys' as key repository; keys will not be encrypted at rest.
2025-09-29 23:26:38.548 +02:00 [INF] Now listening on: http://localhost:5155
2025-09-29 23:26:38.551 +02:00 [INF] Application started. Press Ctrl+C to shut down.
2025-09-29 23:26:38.551 +02:00 [INF] Hosting environment: Development
2025-09-29 23:26:38.551 +02:00 [INF] Content root path: /home/mathias/Documents/Programmering/QuizApp
2025-09-29 23:26:39.756 +02:00 [INF] Request starting HTTP/1.1 GET http://localhost:5155/ - null null
2025-09-29 23:26:39.768 +02:00 [INF] Executing endpoint 'QuizApp.Controllers.HomeController.Index (QuizApp)'
2025-09-29 23:26:39.773 +02:00 [INF] Route matched with {action = "Index", controller = "Home"}. Executing controller action with signature Microsoft.AspNetCore.Mvc.IActionResult Index() on controller QuizApp.Controllers.HomeController (QuizApp).
2025-09-29 23:26:39.776 +02:00 [INF] Executing ViewResult, running view Index.
2025-09-29 23:26:39.798 +02:00 [INF] Executed ViewResult - view Index executed in 21.3402ms.
2025-09-29 23:26:39.798 +02:00 [INF] Executed action QuizApp.Controllers.HomeController.Index (QuizApp) in 25.24ms
2025-09-29 23:26:39.799 +02:00 [INF] Executed endpoint 'QuizApp.Controllers.HomeController.Index (QuizApp)'
2025-09-29 23:26:39.800 +02:00 [INF] Request finished HTTP/1.1 GET http://localhost:5155/ - 200 null text/html; charset=utf-8 45.1962ms
2025-09-29 23:26:40.527 +02:00 [INF] Request starting HTTP/1.1 GET http://localhost:5155/FillInTheBlank/Question/1 - null null
2025-09-29 23:26:40.529 +02:00 [INF] Executing endpoint 'QuizApp.Controllers.FillInTheBlankController.Question (QuizApp)'
2025-09-29 23:26:40.534 +02:00 [INF] Route matched with {action = "Question", controller = "FillInTheBlank"}. Executing controller action with signature System.Threading.Tasks.Task`1[Microsoft.AspNetCore.Mvc.IActionResult] Question(Int32) on controller QuizApp.Controllers.FillInTheBlankController (QuizApp).
2025-09-29 23:26:40.622 +02:00 [INF] Executing ViewResult, running view Question.
2025-09-29 23:26:40.639 +02:00 [INF] Executed ViewResult - view Question executed in 17.8387ms.
2025-09-29 23:26:40.639 +02:00 [INF] Executed action QuizApp.Controllers.FillInTheBlankController.Question (QuizApp) in 105.1151ms
2025-09-29 23:26:40.639 +02:00 [INF] Executed endpoint 'QuizApp.Controllers.FillInTheBlankController.Question (QuizApp)'
2025-09-29 23:26:40.641 +02:00 [INF] Request finished HTTP/1.1 GET http://localhost:5155/FillInTheBlank/Question/1 - 200 null text/html; charset=utf-8 114.4752ms
2025-09-29 23:26:45.295 +02:00 [INF] Request starting HTTP/1.1 POST http://localhost:5155/FillInTheBlank/Question/1 - application/x-www-form-urlencoded 245
2025-09-29 23:26:45.296 +02:00 [INF] Executing endpoint 'QuizApp.Controllers.FillInTheBlankController.Question (QuizApp)'
2025-09-29 23:26:45.300 +02:00 [INF] Route matched with {action = "Question", controller = "FillInTheBlank"}. Executing controller action with signature System.Threading.Tasks.Task`1[Microsoft.AspNetCore.Mvc.IActionResult] Question(QuizApp.ViewModels.FillInTheBlankViewModel) on controller QuizApp.Controllers.FillInTheBlankController (QuizApp).
2025-09-29 23:26:45.336 +02:00 [INF] Executing ViewResult, running view Question.
2025-09-29 23:26:45.338 +02:00 [INF] Executed ViewResult - view Question executed in 1.9469ms.
2025-09-29 23:26:45.338 +02:00 [INF] Executed action QuizApp.Controllers.FillInTheBlankController.Question (QuizApp) in 37.3251ms
2025-09-29 23:26:45.338 +02:00 [INF] Executed endpoint 'QuizApp.Controllers.FillInTheBlankController.Question (QuizApp)'
2025-09-29 23:26:45.338 +02:00 [INF] Request finished HTTP/1.1 POST http://localhost:5155/FillInTheBlank/Question/1 - 200 null text/html; charset=utf-8 43.0442ms
2025-09-29 23:26:46.410 +02:00 [INF] Request starting HTTP/1.1 GET http://localhost:5155/FillInTheBlank/Question/1?itemid=2 - null null
2025-09-29 23:26:46.410 +02:00 [INF] Executing endpoint 'QuizApp.Controllers.FillInTheBlankController.Question (QuizApp)'
2025-09-29 23:26:46.410 +02:00 [INF] Route matched with {action = "Question", controller = "FillInTheBlank"}. Executing controller action with signature System.Threading.Tasks.Task`1[Microsoft.AspNetCore.Mvc.IActionResult] Question(Int32) on controller QuizApp.Controllers.FillInTheBlankController (QuizApp).
2025-09-29 23:26:46.415 +02:00 [INF] Executing ViewResult, running view Question.
2025-09-29 23:26:46.416 +02:00 [INF] Executed ViewResult - view Question executed in 1.6129ms.
2025-09-29 23:26:46.416 +02:00 [INF] Executed action QuizApp.Controllers.FillInTheBlankController.Question (QuizApp) in 5.9949ms
2025-09-29 23:26:46.416 +02:00 [INF] Executed endpoint 'QuizApp.Controllers.FillInTheBlankController.Question (QuizApp)'
2025-09-29 23:26:46.417 +02:00 [INF] Request finished HTTP/1.1 GET http://localhost:5155/FillInTheBlank/Question/1?itemid=2 - 200 null text/html; charset=utf-8 6.9876ms
2025-09-29 23:26:46.689 +02:00 [INF] Request starting HTTP/1.1 GET http://localhost:5155/favicon.ico - null null
2025-09-29 23:26:46.692 +02:00 [INF] Request finished HTTP/1.1 GET http://localhost:5155/favicon.ico - 404 0 null 2.5359ms
2025-09-29 23:26:46.692 +02:00 [INF] Request reached the end of the middleware pipeline without being handled by application code. Request path: GET http://localhost:5155/favicon.ico, Response status code: 404
2025-09-29 23:29:01.551 +02:00 [INF] Application is shutting down...
