2025-09-29 16:55:54.532 +02:00 [INF] User profile is available. Using '/home/mathias/.aspnet/DataProtection-Keys' as key repository; keys will not be encrypted at rest.
2025-09-29 16:55:54.582 +02:00 [INF] Now listening on: http://localhost:5155
2025-09-29 16:55:54.584 +02:00 [INF] Application started. Press Ctrl+C to shut down.
2025-09-29 16:55:54.584 +02:00 [INF] Hosting environment: Development
2025-09-29 16:55:54.585 +02:00 [INF] Content root path: /home/mathias/Documents/Programmering/QuizApp
2025-09-29 16:55:56.990 +02:00 [INF] Request starting HTTP/1.1 GET http://localhost:5155/ - null null
2025-09-29 16:55:57.000 +02:00 [INF] Executing endpoint 'QuizApp.Controllers.HomeController.Index (QuizApp)'
2025-09-29 16:55:57.010 +02:00 [INF] Route matched with {action = "Index", controller = "Home"}. Executing controller action with signature Microsoft.AspNetCore.Mvc.IActionResult Index() on controller QuizApp.Controllers.HomeController (QuizApp).
2025-09-29 16:55:57.013 +02:00 [INF] Executing ViewResult, running view Index.
2025-09-29 16:55:57.035 +02:00 [INF] Executed ViewResult - view Index executed in 22.4305ms.
2025-09-29 16:55:57.037 +02:00 [INF] Executed action QuizApp.Controllers.HomeController.Index (QuizApp) in 26.4936ms
2025-09-29 16:55:57.037 +02:00 [INF] Executed endpoint 'QuizApp.Controllers.HomeController.Index (QuizApp)'
2025-09-29 16:55:57.038 +02:00 [INF] Request finished HTTP/1.1 GET http://localhost:5155/ - 200 null text/html; charset=utf-8 49.2987ms
2025-09-29 16:55:57.051 +02:00 [INF] Request starting HTTP/1.1 GET http://localhost:5155/js/jquery.min.js - null null
2025-09-29 16:55:57.051 +02:00 [INF] Request starting HTTP/1.1 GET http://localhost:5155/js/bootstrap.js - null null
2025-09-29 16:55:57.064 +02:00 [INF] Sending file. Request path: '/js/bootstrap.js'. Physical path: '/home/mathias/Documents/Programmering/QuizApp/wwwroot/js/bootstrap.js'
2025-09-29 16:55:57.064 +02:00 [INF] Sending file. Request path: '/js/jquery.min.js'. Physical path: '/home/mathias/Documents/Programmering/QuizApp/wwwroot/js/jquery.min.js'
2025-09-29 16:55:57.065 +02:00 [INF] Request finished HTTP/1.1 GET http://localhost:5155/js/jquery.min.js - 200 87533 text/javascript 13.6731ms
2025-09-29 16:55:57.065 +02:00 [INF] Request finished HTTP/1.1 GET http://localhost:5155/js/bootstrap.js - 200 145474 text/javascript 13.532ms
2025-09-29 16:55:59.081 +02:00 [INF] Request starting HTTP/1.1 GET http://localhost:5155/FillInTheBlank/Question - null null
2025-09-29 16:55:59.083 +02:00 [INF] Executing endpoint 'QuizApp.Controllers.FillInTheBlankController.Question (QuizApp)'
2025-09-29 16:55:59.088 +02:00 [INF] Route matched with {action = "Question", controller = "FillInTheBlank"}. Executing controller action with signature System.Threading.Tasks.Task`1[Microsoft.AspNetCore.Mvc.IActionResult] Question(Int32) on controller QuizApp.Controllers.FillInTheBlankController (QuizApp).
2025-09-29 16:55:59.471 +02:00 [ERR] Failed executing DbCommand (4ms) [Parameters=[@__p_0='?' (DbType = Int32)], CommandType='"Text"', CommandTimeout='30']
SELECT "f"."FillInTheBlankId", "f"."Answer", "f"."Question"
FROM "FillInTheBlankQuestions" AS "f"
WHERE "f"."FillInTheBlankId" = @__p_0
LIMIT 1
2025-09-29 16:55:59.482 +02:00 [ERR] An exception occurred while iterating over the results of a query for context type 'QuizApp.DAL.QuizDbContext'.
Microsoft.Data.Sqlite.SqliteException (0x80004005): SQLite Error 1: 'no such table: FillInTheBlankQuestions'.
   at Microsoft.Data.Sqlite.SqliteException.ThrowExceptionForRC(Int32 rc, sqlite3 db)
   at Microsoft.Data.Sqlite.SqliteCommand.PrepareAndEnumerateStatements()+MoveNext()
   at Microsoft.Data.Sqlite.SqliteCommand.GetStatements()+MoveNext()
   at Microsoft.Data.Sqlite.SqliteDataReader.NextResult()
   at Microsoft.Data.Sqlite.SqliteCommand.ExecuteReader(CommandBehavior behavior)
   at Microsoft.Data.Sqlite.SqliteCommand.ExecuteReaderAsync(CommandBehavior behavior, CancellationToken cancellationToken)
   at Microsoft.Data.Sqlite.SqliteCommand.ExecuteDbDataReaderAsync(CommandBehavior behavior, CancellationToken cancellationToken)
   at Microsoft.EntityFrameworkCore.Storage.RelationalCommand.ExecuteReaderAsync(RelationalCommandParameterObject parameterObject, CancellationToken cancellationToken)
   at Microsoft.EntityFrameworkCore.Storage.RelationalCommand.ExecuteReaderAsync(RelationalCommandParameterObject parameterObject, CancellationToken cancellationToken)
   at Microsoft.EntityFrameworkCore.Query.Internal.SingleQueryingEnumerable`1.AsyncEnumerator.InitializeReaderAsync(AsyncEnumerator enumerator, CancellationToken cancellationToken)
   at Microsoft.EntityFrameworkCore.Query.Internal.SingleQueryingEnumerable`1.AsyncEnumerator.MoveNextAsync()
Microsoft.Data.Sqlite.SqliteException (0x80004005): SQLite Error 1: 'no such table: FillInTheBlankQuestions'.
   at Microsoft.Data.Sqlite.SqliteException.ThrowExceptionForRC(Int32 rc, sqlite3 db)
   at Microsoft.Data.Sqlite.SqliteCommand.PrepareAndEnumerateStatements()+MoveNext()
   at Microsoft.Data.Sqlite.SqliteCommand.GetStatements()+MoveNext()
   at Microsoft.Data.Sqlite.SqliteDataReader.NextResult()
   at Microsoft.Data.Sqlite.SqliteCommand.ExecuteReader(CommandBehavior behavior)
   at Microsoft.Data.Sqlite.SqliteCommand.ExecuteReaderAsync(CommandBehavior behavior, CancellationToken cancellationToken)
   at Microsoft.Data.Sqlite.SqliteCommand.ExecuteDbDataReaderAsync(CommandBehavior behavior, CancellationToken cancellationToken)
   at Microsoft.EntityFrameworkCore.Storage.RelationalCommand.ExecuteReaderAsync(RelationalCommandParameterObject parameterObject, CancellationToken cancellationToken)
   at Microsoft.EntityFrameworkCore.Storage.RelationalCommand.ExecuteReaderAsync(RelationalCommandParameterObject parameterObject, CancellationToken cancellationToken)
   at Microsoft.EntityFrameworkCore.Query.Internal.SingleQueryingEnumerable`1.AsyncEnumerator.InitializeReaderAsync(AsyncEnumerator enumerator, CancellationToken cancellationToken)
   at Microsoft.EntityFrameworkCore.Query.Internal.SingleQueryingEnumerable`1.AsyncEnumerator.MoveNextAsync()
2025-09-29 16:55:59.483 +02:00 [ERR] [FillInTheBlankRepository] FillInTheBlank FindAsync(id) failed whtn GetQuestionById) for FillInTheBlankId 0000, error message: SQLite Error 1: 'no such table: FillInTheBlankQuestions'.
2025-09-29 16:55:59.483 +02:00 [ERR] [FillInTheBlankController] FillInTheBlank question not found for the FillInTheBlankId  0000
2025-09-29 16:55:59.488 +02:00 [INF] Executing NotFoundObjectResult, writing value of type 'System.String'.
2025-09-29 16:55:59.489 +02:00 [INF] Executed action QuizApp.Controllers.FillInTheBlankController.Question (QuizApp) in 400.425ms
2025-09-29 16:55:59.489 +02:00 [INF] Executed endpoint 'QuizApp.Controllers.FillInTheBlankController.Question (QuizApp)'
2025-09-29 16:55:59.491 +02:00 [INF] Request finished HTTP/1.1 GET http://localhost:5155/FillInTheBlank/Question - 404 null text/plain; charset=utf-8 409.9761ms
2025-09-29 16:59:39.013 +02:00 [INF] Application is shutting down...
