2025-09-29 23:32:53.269 +02:00 [INF] User profile is available. Using '/home/mathias/.aspnet/DataProtection-Keys' as key repository; keys will not be encrypted at rest.
2025-09-29 23:32:53.319 +02:00 [INF] Now listening on: http://localhost:5155
2025-09-29 23:32:53.321 +02:00 [INF] Application started. Press Ctrl+C to shut down.
2025-09-29 23:32:53.322 +02:00 [INF] Hosting environment: Development
2025-09-29 23:32:53.322 +02:00 [INF] Content root path: /home/mathias/Documents/Programmering/QuizApp
2025-09-29 23:33:03.232 +02:00 [INF] Request starting HTTP/1.1 GET http://localhost:5155/ - null null
2025-09-29 23:33:03.244 +02:00 [INF] Executing endpoint 'QuizApp.Controllers.HomeController.Index (QuizApp)'
2025-09-29 23:33:03.249 +02:00 [INF] Route matched with {action = "Index", controller = "Home"}. Executing controller action with signature Microsoft.AspNetCore.Mvc.IActionResult Index() on controller QuizApp.Controllers.HomeController (QuizApp).
2025-09-29 23:33:03.252 +02:00 [INF] Executing ViewResult, running view Index.
2025-09-29 23:33:03.274 +02:00 [INF] Executed ViewResult - view Index executed in 21.2113ms.
2025-09-29 23:33:03.275 +02:00 [INF] Executed action QuizApp.Controllers.HomeController.Index (QuizApp) in 25.6969ms
2025-09-29 23:33:03.275 +02:00 [INF] Executed endpoint 'QuizApp.Controllers.HomeController.Index (QuizApp)'
2025-09-29 23:33:03.277 +02:00 [INF] Request finished HTTP/1.1 GET http://localhost:5155/ - 200 null text/html; charset=utf-8 45.6049ms
2025-09-29 23:33:04.201 +02:00 [INF] Request starting HTTP/1.1 GET http://localhost:5155/FillInTheBlank/Question/1 - null null
2025-09-29 23:33:04.203 +02:00 [INF] Executing endpoint 'QuizApp.Controllers.FillInTheBlankController.Question (QuizApp)'
2025-09-29 23:33:04.209 +02:00 [INF] Route matched with {action = "Question", controller = "FillInTheBlank"}. Executing controller action with signature System.Threading.Tasks.Task`1[Microsoft.AspNetCore.Mvc.IActionResult] Question(Int32) on controller QuizApp.Controllers.FillInTheBlankController (QuizApp).
2025-09-29 23:33:04.295 +02:00 [INF] Executing ViewResult, running view Question.
2025-09-29 23:33:04.312 +02:00 [INF] Executed ViewResult - view Question executed in 17.1126ms.
2025-09-29 23:33:04.312 +02:00 [INF] Executed action QuizApp.Controllers.FillInTheBlankController.Question (QuizApp) in 102.1574ms
2025-09-29 23:33:04.312 +02:00 [INF] Executed endpoint 'QuizApp.Controllers.FillInTheBlankController.Question (QuizApp)'
2025-09-29 23:33:04.315 +02:00 [INF] Request finished HTTP/1.1 GET http://localhost:5155/FillInTheBlank/Question/1 - 200 null text/html; charset=utf-8 113.2072ms
2025-09-29 23:33:04.474 +02:00 [INF] Request starting HTTP/1.1 GET http://localhost:5155/favicon.ico - null null
2025-09-29 23:33:04.476 +02:00 [INF] Request finished HTTP/1.1 GET http://localhost:5155/favicon.ico - 404 0 null 2.7049ms
2025-09-29 23:33:04.477 +02:00 [INF] Request reached the end of the middleware pipeline without being handled by application code. Request path: GET http://localhost:5155/favicon.ico, Response status code: 404
2025-09-29 23:33:08.092 +02:00 [INF] Request starting HTTP/1.1 POST http://localhost:5155/FillInTheBlank/Question/1 - application/x-www-form-urlencoded 245
2025-09-29 23:33:08.093 +02:00 [INF] Executing endpoint 'QuizApp.Controllers.FillInTheBlankController.Question (QuizApp)'
2025-09-29 23:33:08.097 +02:00 [INF] Route matched with {action = "Question", controller = "FillInTheBlank"}. Executing controller action with signature System.Threading.Tasks.Task`1[Microsoft.AspNetCore.Mvc.IActionResult] Question(QuizApp.ViewModels.FillInTheBlankViewModel) on controller QuizApp.Controllers.FillInTheBlankController (QuizApp).
2025-09-29 23:33:08.131 +02:00 [INF] Executing ViewResult, running view Question.
2025-09-29 23:33:08.133 +02:00 [INF] Executed ViewResult - view Question executed in 1.8795ms.
2025-09-29 23:33:08.133 +02:00 [INF] Executed action QuizApp.Controllers.FillInTheBlankController.Question (QuizApp) in 36.5965ms
2025-09-29 23:33:08.133 +02:00 [INF] Executed endpoint 'QuizApp.Controllers.FillInTheBlankController.Question (QuizApp)'
2025-09-29 23:33:08.133 +02:00 [INF] Request finished HTTP/1.1 POST http://localhost:5155/FillInTheBlank/Question/1 - 200 null text/html; charset=utf-8 41.1658ms
2025-09-29 23:33:10.231 +02:00 [INF] Request starting HTTP/1.1 GET http://localhost:5155/FillInTheBlank/Question/2 - null null
2025-09-29 23:33:10.232 +02:00 [INF] Executing endpoint 'QuizApp.Controllers.FillInTheBlankController.Question (QuizApp)'
2025-09-29 23:33:10.232 +02:00 [INF] Route matched with {action = "Question", controller = "FillInTheBlank"}. Executing controller action with signature System.Threading.Tasks.Task`1[Microsoft.AspNetCore.Mvc.IActionResult] Question(Int32) on controller QuizApp.Controllers.FillInTheBlankController (QuizApp).
2025-09-29 23:33:10.235 +02:00 [INF] Executing ViewResult, running view Question.
2025-09-29 23:33:10.236 +02:00 [INF] Executed ViewResult - view Question executed in 1.235ms.
2025-09-29 23:33:10.236 +02:00 [INF] Executed action QuizApp.Controllers.FillInTheBlankController.Question (QuizApp) in 4.2459ms
2025-09-29 23:33:10.236 +02:00 [INF] Executed endpoint 'QuizApp.Controllers.FillInTheBlankController.Question (QuizApp)'
2025-09-29 23:33:10.237 +02:00 [INF] Request finished HTTP/1.1 GET http://localhost:5155/FillInTheBlank/Question/2 - 200 null text/html; charset=utf-8 5.1721ms
2025-09-29 23:33:10.519 +02:00 [INF] Request starting HTTP/1.1 GET http://localhost:5155/favicon.ico - null null
2025-09-29 23:33:10.519 +02:00 [INF] Request finished HTTP/1.1 GET http://localhost:5155/favicon.ico - 499 null null 0.4657ms
2025-09-29 23:33:10.519 +02:00 [INF] Request reached the end of the middleware pipeline without being handled by application code. Request path: GET http://localhost:5155/favicon.ico, Response status code: 499
2025-09-29 23:33:15.996 +02:00 [INF] Request starting HTTP/1.1 POST http://localhost:5155/FillInTheBlank/Question/2 - application/x-www-form-urlencoded 250
2025-09-29 23:33:15.996 +02:00 [INF] Executing endpoint 'QuizApp.Controllers.FillInTheBlankController.Question (QuizApp)'
2025-09-29 23:33:15.996 +02:00 [INF] Route matched with {action = "Question", controller = "FillInTheBlank"}. Executing controller action with signature System.Threading.Tasks.Task`1[Microsoft.AspNetCore.Mvc.IActionResult] Question(QuizApp.ViewModels.FillInTheBlankViewModel) on controller QuizApp.Controllers.FillInTheBlankController (QuizApp).
2025-09-29 23:33:15.999 +02:00 [INF] Executing ViewResult, running view Question.
2025-09-29 23:33:16.000 +02:00 [INF] Executed ViewResult - view Question executed in 1.1007ms.
2025-09-29 23:33:16.000 +02:00 [INF] Executed action QuizApp.Controllers.FillInTheBlankController.Question (QuizApp) in 3.31ms
2025-09-29 23:33:16.000 +02:00 [INF] Executed endpoint 'QuizApp.Controllers.FillInTheBlankController.Question (QuizApp)'
2025-09-29 23:33:16.000 +02:00 [INF] Request finished HTTP/1.1 POST http://localhost:5155/FillInTheBlank/Question/2 - 200 null text/html; charset=utf-8 4.2129ms
2025-09-29 23:33:17.024 +02:00 [INF] Request starting HTTP/1.1 GET http://localhost:5155/FillInTheBlank/Question/3 - null null
2025-09-29 23:33:17.024 +02:00 [INF] Executing endpoint 'QuizApp.Controllers.FillInTheBlankController.Question (QuizApp)'
2025-09-29 23:33:17.024 +02:00 [INF] Route matched with {action = "Question", controller = "FillInTheBlank"}. Executing controller action with signature System.Threading.Tasks.Task`1[Microsoft.AspNetCore.Mvc.IActionResult] Question(Int32) on controller QuizApp.Controllers.FillInTheBlankController (QuizApp).
2025-09-29 23:33:17.026 +02:00 [ERR] [FillInTheBlankController - Get Question] FillInTheBlank question not found for the Id  0003
2025-09-29 23:33:17.033 +02:00 [INF] Executing NotFoundObjectResult, writing value of type 'System.String'.
2025-09-29 23:33:17.034 +02:00 [INF] Executed action QuizApp.Controllers.FillInTheBlankController.Question (QuizApp) in 9.3455ms
2025-09-29 23:33:17.034 +02:00 [INF] Executed endpoint 'QuizApp.Controllers.FillInTheBlankController.Question (QuizApp)'
2025-09-29 23:33:17.034 +02:00 [INF] Request finished HTTP/1.1 GET http://localhost:5155/FillInTheBlank/Question/3 - 404 null text/plain; charset=utf-8 9.897ms
2025-09-29 23:33:17.302 +02:00 [INF] Request starting HTTP/1.1 GET http://localhost:5155/favicon.ico - null null
2025-09-29 23:33:17.302 +02:00 [INF] Request finished HTTP/1.1 GET http://localhost:5155/favicon.ico - 499 null null 0.2711ms
2025-09-29 23:33:17.302 +02:00 [INF] Request reached the end of the middleware pipeline without being handled by application code. Request path: GET http://localhost:5155/favicon.ico, Response status code: 499
2025-09-29 23:33:19.424 +02:00 [INF] Request starting HTTP/1.1 GET http://localhost:5155/FillInTheBlank/Question/2 - null null
2025-09-29 23:33:19.424 +02:00 [INF] Executing endpoint 'QuizApp.Controllers.FillInTheBlankController.Question (QuizApp)'
2025-09-29 23:33:19.424 +02:00 [INF] Route matched with {action = "Question", controller = "FillInTheBlank"}. Executing controller action with signature System.Threading.Tasks.Task`1[Microsoft.AspNetCore.Mvc.IActionResult] Question(Int32) on controller QuizApp.Controllers.FillInTheBlankController (QuizApp).
2025-09-29 23:33:19.426 +02:00 [INF] Executing ViewResult, running view Question.
2025-09-29 23:33:19.427 +02:00 [INF] Executed ViewResult - view Question executed in 1.4159ms.
2025-09-29 23:33:19.427 +02:00 [INF] Executed action QuizApp.Controllers.FillInTheBlankController.Question (QuizApp) in 3.0972ms
2025-09-29 23:33:19.427 +02:00 [INF] Executed endpoint 'QuizApp.Controllers.FillInTheBlankController.Question (QuizApp)'
2025-09-29 23:33:19.427 +02:00 [INF] Request finished HTTP/1.1 GET http://localhost:5155/FillInTheBlank/Question/2 - 200 null text/html; charset=utf-8 3.7253ms
2025-09-29 23:53:07.680 +02:00 [INF] Application is shutting down...
