2025-09-29 23:19:50.147 +02:00 [INF] User profile is available. Using '/home/mathias/.aspnet/DataProtection-Keys' as key repository; keys will not be encrypted at rest.
2025-09-29 23:19:50.197 +02:00 [INF] Now listening on: http://localhost:5155
2025-09-29 23:19:50.200 +02:00 [INF] Application started. Press Ctrl+C to shut down.
2025-09-29 23:19:50.200 +02:00 [INF] Hosting environment: Development
2025-09-29 23:19:50.200 +02:00 [INF] Content root path: /home/mathias/Documents/Programmering/QuizApp
2025-09-29 23:19:50.998 +02:00 [INF] Request starting HTTP/1.1 GET http://localhost:5155/ - null null
2025-09-29 23:19:51.010 +02:00 [INF] Executing endpoint 'QuizApp.Controllers.HomeController.Index (QuizApp)'
2025-09-29 23:19:51.015 +02:00 [INF] Route matched with {action = "Index", controller = "Home"}. Executing controller action with signature Microsoft.AspNetCore.Mvc.IActionResult Index() on controller QuizApp.Controllers.HomeController (QuizApp).
2025-09-29 23:19:51.018 +02:00 [INF] Executing ViewResult, running view Index.
2025-09-29 23:19:51.040 +02:00 [INF] Executed ViewResult - view Index executed in 21.738ms.
2025-09-29 23:19:51.042 +02:00 [INF] Executed action QuizApp.Controllers.HomeController.Index (QuizApp) in 25.8626ms
2025-09-29 23:19:51.042 +02:00 [INF] Executed endpoint 'QuizApp.Controllers.HomeController.Index (QuizApp)'
2025-09-29 23:19:51.043 +02:00 [INF] Request finished HTTP/1.1 GET http://localhost:5155/ - 200 null text/html; charset=utf-8 46.4088ms
2025-09-29 23:19:51.824 +02:00 [INF] Request starting HTTP/1.1 GET http://localhost:5155/FillInTheBlank/Question/1 - null null
2025-09-29 23:19:51.826 +02:00 [INF] Executing endpoint 'QuizApp.Controllers.FillInTheBlankController.Question (QuizApp)'
2025-09-29 23:19:51.832 +02:00 [INF] Route matched with {action = "Question", controller = "FillInTheBlank"}. Executing controller action with signature System.Threading.Tasks.Task`1[Microsoft.AspNetCore.Mvc.IActionResult] Question(Int32) on controller QuizApp.Controllers.FillInTheBlankController (QuizApp).
2025-09-29 23:19:51.922 +02:00 [INF] Executing ViewResult, running view Question.
2025-09-29 23:19:51.939 +02:00 [INF] Executed ViewResult - view Question executed in 17.638ms.
2025-09-29 23:19:51.939 +02:00 [INF] Executed action QuizApp.Controllers.FillInTheBlankController.Question (QuizApp) in 106.6565ms
2025-09-29 23:19:51.939 +02:00 [INF] Executed endpoint 'QuizApp.Controllers.FillInTheBlankController.Question (QuizApp)'
2025-09-29 23:19:51.941 +02:00 [INF] Request finished HTTP/1.1 GET http://localhost:5155/FillInTheBlank/Question/1 - 200 null text/html; charset=utf-8 116.7369ms
2025-09-29 23:19:58.742 +02:00 [INF] Request starting HTTP/1.1 POST http://localhost:5155/FillInTheBlank/Question/1 - application/x-www-form-urlencoded 245
2025-09-29 23:19:58.744 +02:00 [INF] Executing endpoint 'QuizApp.Controllers.FillInTheBlankController.Question (QuizApp)'
2025-09-29 23:19:58.748 +02:00 [INF] Route matched with {action = "Question", controller = "FillInTheBlank"}. Executing controller action with signature System.Threading.Tasks.Task`1[Microsoft.AspNetCore.Mvc.IActionResult] Question(QuizApp.ViewModels.FillInTheBlankViewModel) on controller QuizApp.Controllers.FillInTheBlankController (QuizApp).
2025-09-29 23:19:58.787 +02:00 [INF] Executing ViewResult, running view Question.
2025-09-29 23:19:58.788 +02:00 [INF] Executed ViewResult - view Question executed in 1.9489ms.
2025-09-29 23:19:58.789 +02:00 [INF] Executed action QuizApp.Controllers.FillInTheBlankController.Question (QuizApp) in 40.8199ms
2025-09-29 23:19:58.789 +02:00 [INF] Executed endpoint 'QuizApp.Controllers.FillInTheBlankController.Question (QuizApp)'
2025-09-29 23:19:58.789 +02:00 [INF] Request finished HTTP/1.1 POST http://localhost:5155/FillInTheBlank/Question/1 - 200 null text/html; charset=utf-8 46.8123ms
2025-09-29 23:20:03.992 +02:00 [INF] Request starting HTTP/1.1 GET http://localhost:5155/FillInTheBlank/Question/2 - null null
2025-09-29 23:20:03.993 +02:00 [INF] Executing endpoint 'QuizApp.Controllers.FillInTheBlankController.Question (QuizApp)'
2025-09-29 23:20:03.993 +02:00 [INF] Route matched with {action = "Question", controller = "FillInTheBlank"}. Executing controller action with signature System.Threading.Tasks.Task`1[Microsoft.AspNetCore.Mvc.IActionResult] Question(Int32) on controller QuizApp.Controllers.FillInTheBlankController (QuizApp).
2025-09-29 23:20:03.996 +02:00 [INF] Executing ViewResult, running view Question.
2025-09-29 23:20:03.997 +02:00 [INF] Executed ViewResult - view Question executed in 1.1136ms.
2025-09-29 23:20:03.997 +02:00 [INF] Executed action QuizApp.Controllers.FillInTheBlankController.Question (QuizApp) in 4.1108ms
2025-09-29 23:20:03.997 +02:00 [INF] Executed endpoint 'QuizApp.Controllers.FillInTheBlankController.Question (QuizApp)'
2025-09-29 23:20:03.997 +02:00 [INF] Request finished HTTP/1.1 GET http://localhost:5155/FillInTheBlank/Question/2 - 200 null text/html; charset=utf-8 5.0414ms
2025-09-29 23:20:04.243 +02:00 [INF] Request starting HTTP/1.1 GET http://localhost:5155/favicon.ico - null null
2025-09-29 23:20:04.245 +02:00 [INF] Request finished HTTP/1.1 GET http://localhost:5155/favicon.ico - 404 0 null 2.4052ms
2025-09-29 23:20:04.246 +02:00 [INF] Request reached the end of the middleware pipeline without being handled by application code. Request path: GET http://localhost:5155/favicon.ico, Response status code: 404
2025-09-29 23:20:12.444 +02:00 [INF] Request starting HTTP/1.1 POST http://localhost:5155/FillInTheBlank/Question/2 - application/x-www-form-urlencoded 250
2025-09-29 23:20:12.444 +02:00 [INF] Executing endpoint 'QuizApp.Controllers.FillInTheBlankController.Question (QuizApp)'
2025-09-29 23:20:12.444 +02:00 [INF] Route matched with {action = "Question", controller = "FillInTheBlank"}. Executing controller action with signature System.Threading.Tasks.Task`1[Microsoft.AspNetCore.Mvc.IActionResult] Question(QuizApp.ViewModels.FillInTheBlankViewModel) on controller QuizApp.Controllers.FillInTheBlankController (QuizApp).
2025-09-29 23:20:12.446 +02:00 [INF] Executing ViewResult, running view Question.
2025-09-29 23:20:12.447 +02:00 [INF] Executed ViewResult - view Question executed in 1.1347ms.
2025-09-29 23:20:12.448 +02:00 [INF] Executed action QuizApp.Controllers.FillInTheBlankController.Question (QuizApp) in 3.166ms
2025-09-29 23:20:12.448 +02:00 [INF] Executed endpoint 'QuizApp.Controllers.FillInTheBlankController.Question (QuizApp)'
2025-09-29 23:20:12.448 +02:00 [INF] Request finished HTTP/1.1 POST http://localhost:5155/FillInTheBlank/Question/2 - 200 null text/html; charset=utf-8 3.691ms
2025-09-29 23:20:19.310 +02:00 [INF] Request starting HTTP/1.1 POST http://localhost:5155/FillInTheBlank/Question/2 - application/x-www-form-urlencoded 245
2025-09-29 23:20:19.310 +02:00 [INF] Executing endpoint 'QuizApp.Controllers.FillInTheBlankController.Question (QuizApp)'
2025-09-29 23:20:19.310 +02:00 [INF] Route matched with {action = "Question", controller = "FillInTheBlank"}. Executing controller action with signature System.Threading.Tasks.Task`1[Microsoft.AspNetCore.Mvc.IActionResult] Question(QuizApp.ViewModels.FillInTheBlankViewModel) on controller QuizApp.Controllers.FillInTheBlankController (QuizApp).
2025-09-29 23:20:19.312 +02:00 [INF] Executing ViewResult, running view Question.
2025-09-29 23:20:19.313 +02:00 [INF] Executed ViewResult - view Question executed in 1.1821ms.
2025-09-29 23:20:19.313 +02:00 [INF] Executed action QuizApp.Controllers.FillInTheBlankController.Question (QuizApp) in 2.8963ms
2025-09-29 23:20:19.313 +02:00 [INF] Executed endpoint 'QuizApp.Controllers.FillInTheBlankController.Question (QuizApp)'
2025-09-29 23:20:19.313 +02:00 [INF] Request finished HTTP/1.1 POST http://localhost:5155/FillInTheBlank/Question/2 - 200 null text/html; charset=utf-8 3.5613ms
2025-09-29 23:20:19.579 +02:00 [INF] Request starting HTTP/1.1 GET http://localhost:5155/favicon.ico - null null
2025-09-29 23:20:19.579 +02:00 [INF] Request finished HTTP/1.1 GET http://localhost:5155/favicon.ico - 499 null null 0.3677ms
2025-09-29 23:20:19.579 +02:00 [INF] Request reached the end of the middleware pipeline without being handled by application code. Request path: GET http://localhost:5155/favicon.ico, Response status code: 499
2025-09-29 23:20:23.181 +02:00 [INF] Request starting HTTP/1.1 POST http://localhost:5155/FillInTheBlank/Question/2 - application/x-www-form-urlencoded 250
2025-09-29 23:20:23.181 +02:00 [INF] Executing endpoint 'QuizApp.Controllers.FillInTheBlankController.Question (QuizApp)'
2025-09-29 23:20:23.182 +02:00 [INF] Route matched with {action = "Question", controller = "FillInTheBlank"}. Executing controller action with signature System.Threading.Tasks.Task`1[Microsoft.AspNetCore.Mvc.IActionResult] Question(QuizApp.ViewModels.FillInTheBlankViewModel) on controller QuizApp.Controllers.FillInTheBlankController (QuizApp).
2025-09-29 23:20:23.183 +02:00 [INF] Executing ViewResult, running view Question.
2025-09-29 23:20:23.184 +02:00 [INF] Executed ViewResult - view Question executed in 1.0533ms.
2025-09-29 23:20:23.184 +02:00 [INF] Executed action QuizApp.Controllers.FillInTheBlankController.Question (QuizApp) in 2.868ms
2025-09-29 23:20:23.184 +02:00 [INF] Executed endpoint 'QuizApp.Controllers.FillInTheBlankController.Question (QuizApp)'
2025-09-29 23:20:23.185 +02:00 [INF] Request finished HTTP/1.1 POST http://localhost:5155/FillInTheBlank/Question/2 - 200 null text/html; charset=utf-8 3.383ms
2025-09-29 23:20:23.436 +02:00 [INF] Request starting HTTP/1.1 GET http://localhost:5155/favicon.ico - null null
2025-09-29 23:20:23.436 +02:00 [INF] Request finished HTTP/1.1 GET http://localhost:5155/favicon.ico - 499 null null 0.2669ms
2025-09-29 23:20:23.436 +02:00 [INF] Request reached the end of the middleware pipeline without being handled by application code. Request path: GET http://localhost:5155/favicon.ico, Response status code: 499
2025-09-29 23:23:57.502 +02:00 [INF] Application is shutting down...
