2025-09-29 23:29:06.532 +02:00 [INF] User profile is available. Using '/home/mathias/.aspnet/DataProtection-Keys' as key repository; keys will not be encrypted at rest.
2025-09-29 23:29:06.586 +02:00 [INF] Now listening on: http://localhost:5155
2025-09-29 23:29:06.588 +02:00 [INF] Application started. Press Ctrl+C to shut down.
2025-09-29 23:29:06.589 +02:00 [INF] Hosting environment: Development
2025-09-29 23:29:06.589 +02:00 [INF] Content root path: /home/mathias/Documents/Programmering/QuizApp
2025-09-29 23:29:10.597 +02:00 [INF] Request starting HTTP/1.1 GET http://localhost:5155/ - null null
2025-09-29 23:29:10.608 +02:00 [INF] Executing endpoint 'QuizApp.Controllers.HomeController.Index (QuizApp)'
2025-09-29 23:29:10.614 +02:00 [INF] Route matched with {action = "Index", controller = "Home"}. Executing controller action with signature Microsoft.AspNetCore.Mvc.IActionResult Index() on controller QuizApp.Controllers.HomeController (QuizApp).
2025-09-29 23:29:10.617 +02:00 [INF] Executing ViewResult, running view Index.
2025-09-29 23:29:10.638 +02:00 [INF] Executed ViewResult - view Index executed in 21.5396ms.
2025-09-29 23:29:10.639 +02:00 [INF] Executed action QuizApp.Controllers.HomeController.Index (QuizApp) in 25.3808ms
2025-09-29 23:29:10.639 +02:00 [INF] Executed endpoint 'QuizApp.Controllers.HomeController.Index (QuizApp)'
2025-09-29 23:29:10.641 +02:00 [INF] Request finished HTTP/1.1 GET http://localhost:5155/ - 200 null text/html; charset=utf-8 44.914ms
2025-09-29 23:29:11.435 +02:00 [INF] Request starting HTTP/1.1 GET http://localhost:5155/FillInTheBlank/Question/1 - null null
2025-09-29 23:29:11.437 +02:00 [INF] Executing endpoint 'QuizApp.Controllers.FillInTheBlankController.Question (QuizApp)'
2025-09-29 23:29:11.443 +02:00 [INF] Route matched with {action = "Question", controller = "FillInTheBlank"}. Executing controller action with signature System.Threading.Tasks.Task`1[Microsoft.AspNetCore.Mvc.IActionResult] Question(Int32) on controller QuizApp.Controllers.FillInTheBlankController (QuizApp).
2025-09-29 23:29:11.528 +02:00 [INF] Executing ViewResult, running view Question.
2025-09-29 23:29:11.545 +02:00 [INF] Executed ViewResult - view Question executed in 17.1647ms.
2025-09-29 23:29:11.545 +02:00 [INF] Executed action QuizApp.Controllers.FillInTheBlankController.Question (QuizApp) in 102.0989ms
2025-09-29 23:29:11.545 +02:00 [INF] Executed endpoint 'QuizApp.Controllers.FillInTheBlankController.Question (QuizApp)'
2025-09-29 23:29:11.547 +02:00 [INF] Request finished HTTP/1.1 GET http://localhost:5155/FillInTheBlank/Question/1 - 200 null text/html; charset=utf-8 112.4013ms
2025-09-29 23:29:15.445 +02:00 [INF] Request starting HTTP/1.1 POST http://localhost:5155/FillInTheBlank/Question/1 - application/x-www-form-urlencoded 245
2025-09-29 23:29:15.446 +02:00 [INF] Executing endpoint 'QuizApp.Controllers.FillInTheBlankController.Question (QuizApp)'
2025-09-29 23:29:15.450 +02:00 [INF] Route matched with {action = "Question", controller = "FillInTheBlank"}. Executing controller action with signature System.Threading.Tasks.Task`1[Microsoft.AspNetCore.Mvc.IActionResult] Question(QuizApp.ViewModels.FillInTheBlankViewModel) on controller QuizApp.Controllers.FillInTheBlankController (QuizApp).
2025-09-29 23:29:15.487 +02:00 [INF] Executing ViewResult, running view Question.
2025-09-29 23:29:15.489 +02:00 [INF] Executed ViewResult - view Question executed in 1.989ms.
2025-09-29 23:29:15.489 +02:00 [INF] Executed action QuizApp.Controllers.FillInTheBlankController.Question (QuizApp) in 39.1246ms
2025-09-29 23:29:15.489 +02:00 [INF] Executed endpoint 'QuizApp.Controllers.FillInTheBlankController.Question (QuizApp)'
2025-09-29 23:29:15.489 +02:00 [INF] Request finished HTTP/1.1 POST http://localhost:5155/FillInTheBlank/Question/1 - 200 null text/html; charset=utf-8 44.6177ms
2025-09-29 23:29:20.914 +02:00 [INF] Request starting HTTP/1.1 POST http://localhost:5155/FillInTheBlank/Question/1 - application/x-www-form-urlencoded 245
2025-09-29 23:29:20.914 +02:00 [INF] Executing endpoint 'QuizApp.Controllers.FillInTheBlankController.Question (QuizApp)'
2025-09-29 23:29:20.914 +02:00 [INF] Route matched with {action = "Question", controller = "FillInTheBlank"}. Executing controller action with signature System.Threading.Tasks.Task`1[Microsoft.AspNetCore.Mvc.IActionResult] Question(QuizApp.ViewModels.FillInTheBlankViewModel) on controller QuizApp.Controllers.FillInTheBlankController (QuizApp).
2025-09-29 23:29:20.918 +02:00 [INF] Executing ViewResult, running view Question.
2025-09-29 23:29:20.919 +02:00 [INF] Executed ViewResult - view Question executed in 1.2396ms.
2025-09-29 23:29:20.919 +02:00 [INF] Executed action QuizApp.Controllers.FillInTheBlankController.Question (QuizApp) in 4.453ms
2025-09-29 23:29:20.919 +02:00 [INF] Executed endpoint 'QuizApp.Controllers.FillInTheBlankController.Question (QuizApp)'
2025-09-29 23:29:20.919 +02:00 [INF] Request finished HTTP/1.1 POST http://localhost:5155/FillInTheBlank/Question/1 - 200 null text/html; charset=utf-8 5.4087ms
2025-09-29 23:29:32.062 +02:00 [INF] Request starting HTTP/1.1 GET http://localhost:5155/FillInTheBlank/Question/1?itemid=2 - null null
2025-09-29 23:29:32.062 +02:00 [INF] Executing endpoint 'QuizApp.Controllers.FillInTheBlankController.Question (QuizApp)'
2025-09-29 23:29:32.063 +02:00 [INF] Route matched with {action = "Question", controller = "FillInTheBlank"}. Executing controller action with signature System.Threading.Tasks.Task`1[Microsoft.AspNetCore.Mvc.IActionResult] Question(Int32) on controller QuizApp.Controllers.FillInTheBlankController (QuizApp).
2025-09-29 23:29:32.066 +02:00 [INF] Executing ViewResult, running view Question.
2025-09-29 23:29:32.067 +02:00 [INF] Executed ViewResult - view Question executed in 1.2041ms.
2025-09-29 23:29:32.067 +02:00 [INF] Executed action QuizApp.Controllers.FillInTheBlankController.Question (QuizApp) in 4.2132ms
2025-09-29 23:29:32.067 +02:00 [INF] Executed endpoint 'QuizApp.Controllers.FillInTheBlankController.Question (QuizApp)'
2025-09-29 23:29:32.067 +02:00 [INF] Request finished HTTP/1.1 GET http://localhost:5155/FillInTheBlank/Question/1?itemid=2 - 200 null text/html; charset=utf-8 4.9996ms
2025-09-29 23:29:33.887 +02:00 [INF] Request starting HTTP/1.1 GET http://localhost:5155/FillInTheBlank/Question/1?itemid=2 - null null
2025-09-29 23:29:33.887 +02:00 [INF] Executing endpoint 'QuizApp.Controllers.FillInTheBlankController.Question (QuizApp)'
2025-09-29 23:29:33.887 +02:00 [INF] Route matched with {action = "Question", controller = "FillInTheBlank"}. Executing controller action with signature System.Threading.Tasks.Task`1[Microsoft.AspNetCore.Mvc.IActionResult] Question(Int32) on controller QuizApp.Controllers.FillInTheBlankController (QuizApp).
2025-09-29 23:29:33.890 +02:00 [INF] Executing ViewResult, running view Question.
2025-09-29 23:29:33.891 +02:00 [INF] Executed ViewResult - view Question executed in 1.6855ms.
2025-09-29 23:29:33.891 +02:00 [INF] Executed action QuizApp.Controllers.FillInTheBlankController.Question (QuizApp) in 3.916ms
2025-09-29 23:29:33.891 +02:00 [INF] Executed endpoint 'QuizApp.Controllers.FillInTheBlankController.Question (QuizApp)'
2025-09-29 23:29:33.891 +02:00 [INF] Request finished HTTP/1.1 GET http://localhost:5155/FillInTheBlank/Question/1?itemid=2 - 200 null text/html; charset=utf-8 4.7286ms
2025-09-29 23:32:05.851 +02:00 [INF] Request starting HTTP/1.1 GET http://localhost:5155/ - null null
2025-09-29 23:32:05.851 +02:00 [INF] Executing endpoint 'QuizApp.Controllers.HomeController.Index (QuizApp)'
2025-09-29 23:32:05.851 +02:00 [INF] Route matched with {action = "Index", controller = "Home"}. Executing controller action with signature Microsoft.AspNetCore.Mvc.IActionResult Index() on controller QuizApp.Controllers.HomeController (QuizApp).
2025-09-29 23:32:05.852 +02:00 [INF] Executing ViewResult, running view Index.
2025-09-29 23:32:05.852 +02:00 [INF] Executed ViewResult - view Index executed in 0.6018ms.
2025-09-29 23:32:05.852 +02:00 [INF] Executed action QuizApp.Controllers.HomeController.Index (QuizApp) in 0.7482ms
2025-09-29 23:32:05.852 +02:00 [INF] Executed endpoint 'QuizApp.Controllers.HomeController.Index (QuizApp)'
2025-09-29 23:32:05.852 +02:00 [INF] Request finished HTTP/1.1 GET http://localhost:5155/ - 200 null text/html; charset=utf-8 1.2704ms
2025-09-29 23:32:05.880 +02:00 [INF] Request starting HTTP/1.1 GET http://localhost:5155/js/bootstrap.js - null null
2025-09-29 23:32:05.880 +02:00 [INF] Request starting HTTP/1.1 GET http://localhost:5155/js/jquery.min.js - null null
2025-09-29 23:32:05.883 +02:00 [INF] The file /js/jquery.min.js was not modified
2025-09-29 23:32:05.883 +02:00 [INF] The file /js/bootstrap.js was not modified
2025-09-29 23:32:05.883 +02:00 [INF] Request finished HTTP/1.1 GET http://localhost:5155/js/bootstrap.js - 304 null text/javascript 3.7214ms
2025-09-29 23:32:05.883 +02:00 [INF] Request finished HTTP/1.1 GET http://localhost:5155/js/jquery.min.js - 304 null text/javascript 3.602ms
2025-09-29 23:32:48.861 +02:00 [INF] Application is shutting down...
