2025-09-29 18:54:16.922 +02:00 [INF] User profile is available. Using '/home/mathias/.aspnet/DataProtection-Keys' as key repository; keys will not be encrypted at rest.
2025-09-29 18:54:16.968 +02:00 [INF] Now listening on: http://localhost:5155
2025-09-29 18:54:16.970 +02:00 [INF] Application started. Press Ctrl+C to shut down.
2025-09-29 18:54:16.970 +02:00 [INF] Hosting environment: Development
2025-09-29 18:54:16.970 +02:00 [INF] Content root path: /home/mathias/Documents/Programmering/QuizApp
2025-09-29 18:54:19.744 +02:00 [INF] Request starting HTTP/1.1 GET http://localhost:5155/ - null null
2025-09-29 18:54:19.755 +02:00 [INF] Executing endpoint 'QuizApp.Controllers.HomeController.Index (QuizApp)'
2025-09-29 18:54:19.761 +02:00 [INF] Route matched with {action = "Index", controller = "Home"}. Executing controller action with signature Microsoft.AspNetCore.Mvc.IActionResult Index() on controller QuizApp.Controllers.HomeController (QuizApp).
2025-09-29 18:54:19.764 +02:00 [INF] Executing ViewResult, running view Index.
2025-09-29 18:54:19.785 +02:00 [INF] Executed ViewResult - view Index executed in 21.1027ms.
2025-09-29 18:54:19.786 +02:00 [INF] Executed action QuizApp.Controllers.HomeController.Index (QuizApp) in 24.7754ms
2025-09-29 18:54:19.786 +02:00 [INF] Executed endpoint 'QuizApp.Controllers.HomeController.Index (QuizApp)'
2025-09-29 18:54:19.787 +02:00 [INF] Request finished HTTP/1.1 GET http://localhost:5155/ - 200 null text/html; charset=utf-8 44.0762ms
2025-09-29 18:54:20.484 +02:00 [INF] Request starting HTTP/1.1 GET http://localhost:5155/FillInTheBlank/Question/1 - null null
2025-09-29 18:54:20.485 +02:00 [INF] Executing endpoint 'QuizApp.Controllers.FillInTheBlankController.Question (QuizApp)'
2025-09-29 18:54:20.492 +02:00 [INF] Route matched with {action = "Question", controller = "FillInTheBlank"}. Executing controller action with signature System.Threading.Tasks.Task`1[Microsoft.AspNetCore.Mvc.IActionResult] Question(Int32) on controller QuizApp.Controllers.FillInTheBlankController (QuizApp).
2025-09-29 18:54:20.578 +02:00 [INF] Executing ViewResult, running view Question.
2025-09-29 18:54:20.612 +02:00 [INF] Executed ViewResult - view Question executed in 34.0304ms.
2025-09-29 18:54:20.612 +02:00 [INF] Executed action QuizApp.Controllers.FillInTheBlankController.Question (QuizApp) in 119.7191ms
2025-09-29 18:54:20.612 +02:00 [INF] Executed endpoint 'QuizApp.Controllers.FillInTheBlankController.Question (QuizApp)'
2025-09-29 18:54:20.614 +02:00 [INF] Request finished HTTP/1.1 GET http://localhost:5155/FillInTheBlank/Question/1 - 200 null text/html; charset=utf-8 129.8977ms
2025-09-29 18:54:23.626 +02:00 [INF] Request starting HTTP/1.1 POST http://localhost:5155/FillInTheBlank/Question/1 - application/x-www-form-urlencoded 203
2025-09-29 18:54:23.628 +02:00 [INF] Executing endpoint 'QuizApp.Controllers.FillInTheBlankController.Question (QuizApp)'
2025-09-29 18:54:23.631 +02:00 [INF] Route matched with {action = "Question", controller = "FillInTheBlank"}. Executing controller action with signature System.Threading.Tasks.Task`1[Microsoft.AspNetCore.Mvc.IActionResult] Question(QuizApp.ViewModels.FillInTheBlankViewModel) on controller QuizApp.Controllers.FillInTheBlankController (QuizApp).
2025-09-29 18:54:23.666 +02:00 [ERR] hER
2025-09-29 18:54:23.668 +02:00 [ERR] [Question] What is the capital of Norway?
2025-09-29 18:54:23.668 +02:00 [INF] Executing ViewResult, running view Question.
2025-09-29 18:54:23.670 +02:00 [INF] Executed ViewResult - view Question executed in 1.7195ms.
2025-09-29 18:54:23.670 +02:00 [INF] Executed action QuizApp.Controllers.FillInTheBlankController.Question (QuizApp) in 38.9008ms
2025-09-29 18:54:23.670 +02:00 [INF] Executed endpoint 'QuizApp.Controllers.FillInTheBlankController.Question (QuizApp)'
2025-09-29 18:54:23.670 +02:00 [INF] Request finished HTTP/1.1 POST http://localhost:5155/FillInTheBlank/Question/1 - 200 null text/html; charset=utf-8 43.79ms
2025-09-29 18:54:23.694 +02:00 [INF] Request starting HTTP/1.1 GET http://localhost:5155/favicon.ico - null null
2025-09-29 18:54:23.696 +02:00 [INF] Request finished HTTP/1.1 GET http://localhost:5155/favicon.ico - 404 0 null 2.5465ms
2025-09-29 18:54:23.696 +02:00 [INF] Request reached the end of the middleware pipeline without being handled by application code. Request path: GET http://localhost:5155/favicon.ico, Response status code: 404
2025-09-29 18:54:30.249 +02:00 [INF] Request starting HTTP/1.1 POST http://localhost:5155/FillInTheBlank/Question/1 - application/x-www-form-urlencoded 204
2025-09-29 18:54:30.249 +02:00 [INF] Executing endpoint 'QuizApp.Controllers.FillInTheBlankController.Question (QuizApp)'
2025-09-29 18:54:30.249 +02:00 [INF] Route matched with {action = "Question", controller = "FillInTheBlank"}. Executing controller action with signature System.Threading.Tasks.Task`1[Microsoft.AspNetCore.Mvc.IActionResult] Question(QuizApp.ViewModels.FillInTheBlankViewModel) on controller QuizApp.Controllers.FillInTheBlankController (QuizApp).
2025-09-29 18:54:30.252 +02:00 [ERR] hER
2025-09-29 18:54:30.253 +02:00 [ERR] [Question] What is the capital of Norway?
2025-09-29 18:54:30.253 +02:00 [INF] Executing ViewResult, running view Question.
2025-09-29 18:54:30.254 +02:00 [INF] Executed ViewResult - view Question executed in 1.2131ms.
2025-09-29 18:54:30.254 +02:00 [INF] Executed action QuizApp.Controllers.FillInTheBlankController.Question (QuizApp) in 4.5743ms
2025-09-29 18:54:30.254 +02:00 [INF] Executed endpoint 'QuizApp.Controllers.FillInTheBlankController.Question (QuizApp)'
2025-09-29 18:54:30.254 +02:00 [INF] Request finished HTTP/1.1 POST http://localhost:5155/FillInTheBlank/Question/1 - 200 null text/html; charset=utf-8 5.4687ms
2025-09-29 18:54:30.278 +02:00 [INF] Request starting HTTP/1.1 GET http://localhost:5155/favicon.ico - null null
2025-09-29 18:54:30.278 +02:00 [INF] Request finished HTTP/1.1 GET http://localhost:5155/favicon.ico - 499 null null 0.3413ms
2025-09-29 18:54:30.278 +02:00 [INF] Request reached the end of the middleware pipeline without being handled by application code. Request path: GET http://localhost:5155/favicon.ico, Response status code: 499
2025-09-29 18:54:33.470 +02:00 [INF] Request starting HTTP/1.1 POST http://localhost:5155/FillInTheBlank/Question/1 - application/x-www-form-urlencoded 203
2025-09-29 18:54:33.471 +02:00 [INF] Executing endpoint 'QuizApp.Controllers.FillInTheBlankController.Question (QuizApp)'
2025-09-29 18:54:33.471 +02:00 [INF] Route matched with {action = "Question", controller = "FillInTheBlank"}. Executing controller action with signature System.Threading.Tasks.Task`1[Microsoft.AspNetCore.Mvc.IActionResult] Question(QuizApp.ViewModels.FillInTheBlankViewModel) on controller QuizApp.Controllers.FillInTheBlankController (QuizApp).
2025-09-29 18:54:33.472 +02:00 [ERR] hER
2025-09-29 18:54:33.472 +02:00 [ERR] [Question] What is the capital of Norway?
2025-09-29 18:54:33.472 +02:00 [INF] Executing ViewResult, running view Question.
2025-09-29 18:54:33.473 +02:00 [INF] Executed ViewResult - view Question executed in 1.0497ms.
2025-09-29 18:54:33.474 +02:00 [INF] Executed action QuizApp.Controllers.FillInTheBlankController.Question (QuizApp) in 2.8945ms
2025-09-29 18:54:33.474 +02:00 [INF] Executed endpoint 'QuizApp.Controllers.FillInTheBlankController.Question (QuizApp)'
2025-09-29 18:54:33.474 +02:00 [INF] Request finished HTTP/1.1 POST http://localhost:5155/FillInTheBlank/Question/1 - 200 null text/html; charset=utf-8 3.3757ms
2025-09-29 18:55:30.042 +02:00 [INF] Application is shutting down...
