2025-09-29 18:45:57.886 +02:00 [INF] User profile is available. Using '/home/mathias/.aspnet/DataProtection-Keys' as key repository; keys will not be encrypted at rest.
2025-09-29 18:45:57.941 +02:00 [INF] Now listening on: http://localhost:5155
2025-09-29 18:45:57.943 +02:00 [INF] Application started. Press Ctrl+C to shut down.
2025-09-29 18:45:57.944 +02:00 [INF] Hosting environment: Development
2025-09-29 18:45:57.944 +02:00 [INF] Content root path: /home/mathias/Documents/Programmering/QuizApp
2025-09-29 18:45:59.414 +02:00 [INF] Request starting HTTP/1.1 GET http://localhost:5155/ - null null
2025-09-29 18:45:59.426 +02:00 [INF] Executing endpoint 'QuizApp.Controllers.HomeController.Index (QuizApp)'
2025-09-29 18:45:59.431 +02:00 [INF] Route matched with {action = "Index", controller = "Home"}. Executing controller action with signature Microsoft.AspNetCore.Mvc.IActionResult Index() on controller QuizApp.Controllers.HomeController (QuizApp).
2025-09-29 18:45:59.434 +02:00 [INF] Executing ViewResult, running view Index.
2025-09-29 18:45:59.456 +02:00 [INF] Executed ViewResult - view Index executed in 21.1772ms.
2025-09-29 18:45:59.456 +02:00 [INF] Executed action QuizApp.Controllers.HomeController.Index (QuizApp) in 24.7534ms
2025-09-29 18:45:59.457 +02:00 [INF] Executed endpoint 'QuizApp.Controllers.HomeController.Index (QuizApp)'
2025-09-29 18:45:59.458 +02:00 [INF] Request finished HTTP/1.1 GET http://localhost:5155/ - 200 null text/html; charset=utf-8 45.3257ms
2025-09-29 18:46:00.483 +02:00 [INF] Request starting HTTP/1.1 GET http://localhost:5155/FillInTheBlank/Question/1 - null null
2025-09-29 18:46:00.485 +02:00 [INF] Executing endpoint 'QuizApp.Controllers.FillInTheBlankController.Question (QuizApp)'
2025-09-29 18:46:00.491 +02:00 [INF] Route matched with {action = "Question", controller = "FillInTheBlank"}. Executing controller action with signature System.Threading.Tasks.Task`1[Microsoft.AspNetCore.Mvc.IActionResult] Question(Int32) on controller QuizApp.Controllers.FillInTheBlankController (QuizApp).
2025-09-29 18:46:00.579 +02:00 [INF] Executing ViewResult, running view Question.
2025-09-29 18:46:00.615 +02:00 [INF] Executed ViewResult - view Question executed in 35.8435ms.
2025-09-29 18:46:00.615 +02:00 [INF] Executed action QuizApp.Controllers.FillInTheBlankController.Question (QuizApp) in 123.7268ms
2025-09-29 18:46:00.615 +02:00 [INF] Executed endpoint 'QuizApp.Controllers.FillInTheBlankController.Question (QuizApp)'
2025-09-29 18:46:00.617 +02:00 [INF] Request finished HTTP/1.1 GET http://localhost:5155/FillInTheBlank/Question/1 - 200 null text/html; charset=utf-8 133.9403ms
2025-09-29 18:46:00.655 +02:00 [INF] Request starting HTTP/1.1 GET http://localhost:5155/favicon.ico - null null
2025-09-29 18:46:00.657 +02:00 [INF] Request finished HTTP/1.1 GET http://localhost:5155/favicon.ico - 404 0 null 2.373ms
2025-09-29 18:46:00.658 +02:00 [INF] Request reached the end of the middleware pipeline without being handled by application code. Request path: GET http://localhost:5155/favicon.ico, Response status code: 404
2025-09-29 18:46:03.283 +02:00 [INF] Request starting HTTP/1.1 POST http://localhost:5155/FillInTheBlank/Question/1 - application/x-www-form-urlencoded 203
2025-09-29 18:46:03.283 +02:00 [INF] Executing endpoint 'QuizApp.Controllers.FillInTheBlankController.Question (QuizApp)'
2025-09-29 18:46:03.288 +02:00 [INF] Route matched with {action = "Question", controller = "FillInTheBlank"}. Executing controller action with signature System.Threading.Tasks.Task`1[Microsoft.AspNetCore.Mvc.IActionResult] Question(QuizApp.ViewModels.FillInTheBlankViewModel) on controller QuizApp.Controllers.FillInTheBlankController (QuizApp).
2025-09-29 18:46:03.321 +02:00 [INF] Executing ViewResult, running view Question.
2025-09-29 18:46:03.322 +02:00 [INF] Executed ViewResult - view Question executed in 1.4223ms.
2025-09-29 18:46:03.322 +02:00 [INF] Executed action QuizApp.Controllers.FillInTheBlankController.Question (QuizApp) in 34.5692ms
2025-09-29 18:46:03.322 +02:00 [INF] Executed endpoint 'QuizApp.Controllers.FillInTheBlankController.Question (QuizApp)'
2025-09-29 18:46:03.322 +02:00 [INF] Request finished HTTP/1.1 POST http://localhost:5155/FillInTheBlank/Question/1 - 200 null text/html; charset=utf-8 39.2225ms
2025-09-29 18:46:37.719 +02:00 [INF] Application is shutting down...
