2025-09-29 18:31:13.895 +02:00 [INF] User profile is available. Using '/home/mathias/.aspnet/DataProtection-Keys' as key repository; keys will not be encrypted at rest.
2025-09-29 18:31:13.940 +02:00 [INF] Now listening on: http://localhost:5155
2025-09-29 18:31:13.943 +02:00 [INF] Application started. Press Ctrl+C to shut down.
2025-09-29 18:31:13.943 +02:00 [INF] Hosting environment: Development
2025-09-29 18:31:13.943 +02:00 [INF] Content root path: /home/mathias/Documents/Programmering/QuizApp
2025-09-29 18:31:23.248 +02:00 [INF] Request starting HTTP/1.1 GET http://localhost:5155/ - null null
2025-09-29 18:31:23.259 +02:00 [INF] Executing endpoint 'QuizApp.Controllers.HomeController.Index (QuizApp)'
2025-09-29 18:31:23.265 +02:00 [INF] Route matched with {action = "Index", controller = "Home"}. Executing controller action with signature Microsoft.AspNetCore.Mvc.IActionResult Index() on controller QuizApp.Controllers.HomeController (QuizApp).
2025-09-29 18:31:23.268 +02:00 [INF] Executing ViewResult, running view Index.
2025-09-29 18:31:23.290 +02:00 [INF] Executed ViewResult - view Index executed in 22.2788ms.
2025-09-29 18:31:23.291 +02:00 [INF] Executed action QuizApp.Controllers.HomeController.Index (QuizApp) in 26.0599ms
2025-09-29 18:31:23.291 +02:00 [INF] Executed endpoint 'QuizApp.Controllers.HomeController.Index (QuizApp)'
2025-09-29 18:31:23.292 +02:00 [INF] Request finished HTTP/1.1 GET http://localhost:5155/ - 200 null text/html; charset=utf-8 45.1766ms
2025-09-29 18:31:23.943 +02:00 [INF] Request starting HTTP/1.1 GET http://localhost:5155/FillInTheBlank/Question/1 - null null
2025-09-29 18:31:23.944 +02:00 [INF] Executing endpoint 'QuizApp.Controllers.FillInTheBlankController.Question (QuizApp)'
2025-09-29 18:31:23.950 +02:00 [INF] Route matched with {action = "Question", controller = "FillInTheBlank"}. Executing controller action with signature System.Threading.Tasks.Task`1[Microsoft.AspNetCore.Mvc.IActionResult] Question(Int32) on controller QuizApp.Controllers.FillInTheBlankController (QuizApp).
2025-09-29 18:31:24.038 +02:00 [INF] Executing ViewResult, running view Question.
2025-09-29 18:31:24.073 +02:00 [INF] Executed ViewResult - view Question executed in 36.2209ms.
2025-09-29 18:31:24.074 +02:00 [INF] Executed action QuizApp.Controllers.FillInTheBlankController.Question (QuizApp) in 123.765ms
2025-09-29 18:31:24.074 +02:00 [INF] Executed endpoint 'QuizApp.Controllers.FillInTheBlankController.Question (QuizApp)'
2025-09-29 18:31:24.075 +02:00 [INF] Request finished HTTP/1.1 GET http://localhost:5155/FillInTheBlank/Question/1 - 200 null text/html; charset=utf-8 132.5893ms
2025-09-29 18:31:27.155 +02:00 [INF] Request starting HTTP/1.1 POST http://localhost:5155/FillInTheBlank/Question/1 - application/x-www-form-urlencoded 203
2025-09-29 18:31:27.157 +02:00 [INF] Executing endpoint 'QuizApp.Controllers.FillInTheBlankController.Question (QuizApp)'
2025-09-29 18:31:27.160 +02:00 [INF] Route matched with {action = "Question", controller = "FillInTheBlank"}. Executing controller action with signature System.Threading.Tasks.Task`1[Microsoft.AspNetCore.Mvc.IActionResult] Question(QuizApp.ViewModels.FillInTheBlankViewModel) on controller QuizApp.Controllers.FillInTheBlankController (QuizApp).
2025-09-29 18:31:27.196 +02:00 [ERR] [FillInTheBlankController] FillInTheBlank question not found for the Id  0000
2025-09-29 18:31:27.203 +02:00 [INF] Executing NotFoundObjectResult, writing value of type 'System.String'.
2025-09-29 18:31:27.203 +02:00 [INF] Executed action QuizApp.Controllers.FillInTheBlankController.Question (QuizApp) in 43.2824ms
2025-09-29 18:31:27.203 +02:00 [INF] Executed endpoint 'QuizApp.Controllers.FillInTheBlankController.Question (QuizApp)'
2025-09-29 18:31:27.203 +02:00 [INF] Request finished HTTP/1.1 POST http://localhost:5155/FillInTheBlank/Question/1 - 404 null text/plain; charset=utf-8 48.0409ms
2025-09-29 18:31:27.228 +02:00 [INF] Request starting HTTP/1.1 GET http://localhost:5155/favicon.ico - null null
2025-09-29 18:31:27.230 +02:00 [INF] Request finished HTTP/1.1 GET http://localhost:5155/favicon.ico - 404 0 null 2.628ms
2025-09-29 18:31:27.231 +02:00 [INF] Request reached the end of the middleware pipeline without being handled by application code. Request path: GET http://localhost:5155/favicon.ico, Response status code: 404
2025-09-29 18:32:58.331 +02:00 [INF] Application is shutting down...
