2025-09-29 18:33:01.467 +02:00 [INF] User profile is available. Using '/home/mathias/.aspnet/DataProtection-Keys' as key repository; keys will not be encrypted at rest.
2025-09-29 18:33:01.512 +02:00 [INF] Now listening on: http://localhost:5155
2025-09-29 18:33:01.514 +02:00 [INF] Application started. Press Ctrl+C to shut down.
2025-09-29 18:33:01.514 +02:00 [INF] Hosting environment: Development
2025-09-29 18:33:01.514 +02:00 [INF] Content root path: /home/mathias/Documents/Programmering/QuizApp
2025-09-29 18:33:05.550 +02:00 [INF] Request starting HTTP/1.1 GET http://localhost:5155/ - null null
2025-09-29 18:33:05.562 +02:00 [INF] Executing endpoint 'QuizApp.Controllers.HomeController.Index (QuizApp)'
2025-09-29 18:33:05.567 +02:00 [INF] Route matched with {action = "Index", controller = "Home"}. Executing controller action with signature Microsoft.AspNetCore.Mvc.IActionResult Index() on controller QuizApp.Controllers.HomeController (QuizApp).
2025-09-29 18:33:05.570 +02:00 [INF] Executing ViewResult, running view Index.
2025-09-29 18:33:05.592 +02:00 [INF] Executed ViewResult - view Index executed in 21.5159ms.
2025-09-29 18:33:05.592 +02:00 [INF] Executed action QuizApp.Controllers.HomeController.Index (QuizApp) in 25.1984ms
2025-09-29 18:33:05.593 +02:00 [INF] Executed endpoint 'QuizApp.Controllers.HomeController.Index (QuizApp)'
2025-09-29 18:33:05.594 +02:00 [INF] Request finished HTTP/1.1 GET http://localhost:5155/ - 200 null text/html; charset=utf-8 44.9774ms
2025-09-29 18:33:06.595 +02:00 [INF] Request starting HTTP/1.1 GET http://localhost:5155/FillInTheBlank/Question/1 - null null
2025-09-29 18:33:06.596 +02:00 [INF] Executing endpoint 'QuizApp.Controllers.FillInTheBlankController.Question (QuizApp)'
2025-09-29 18:33:06.603 +02:00 [INF] Route matched with {action = "Question", controller = "FillInTheBlank"}. Executing controller action with signature System.Threading.Tasks.Task`1[Microsoft.AspNetCore.Mvc.IActionResult] Question(Int32) on controller QuizApp.Controllers.FillInTheBlankController (QuizApp).
2025-09-29 18:33:06.690 +02:00 [INF] Executing ViewResult, running view Question.
2025-09-29 18:33:06.725 +02:00 [INF] Executed ViewResult - view Question executed in 35.8282ms.
2025-09-29 18:33:06.725 +02:00 [INF] Executed action QuizApp.Controllers.FillInTheBlankController.Question (QuizApp) in 121.6892ms
2025-09-29 18:33:06.725 +02:00 [INF] Executed endpoint 'QuizApp.Controllers.FillInTheBlankController.Question (QuizApp)'
2025-09-29 18:33:06.727 +02:00 [INF] Request finished HTTP/1.1 GET http://localhost:5155/FillInTheBlank/Question/1 - 200 null text/html; charset=utf-8 132.1377ms
2025-09-29 18:33:09.674 +02:00 [INF] Request starting HTTP/1.1 POST http://localhost:5155/FillInTheBlank/Question/1 - application/x-www-form-urlencoded 203
2025-09-29 18:33:09.675 +02:00 [INF] Executing endpoint 'QuizApp.Controllers.FillInTheBlankController.Question (QuizApp)'
2025-09-29 18:33:09.679 +02:00 [INF] Route matched with {action = "Question", controller = "FillInTheBlank"}. Executing controller action with signature System.Threading.Tasks.Task`1[Microsoft.AspNetCore.Mvc.IActionResult] Question(QuizApp.ViewModels.FillInTheBlankViewModel) on controller QuizApp.Controllers.FillInTheBlankController (QuizApp).
2025-09-29 18:33:09.716 +02:00 [ERR] [FillInTheBlankController - Post Question] FillInTheBlank question not found for the Id  0000
2025-09-29 18:33:09.722 +02:00 [INF] Executing NotFoundObjectResult, writing value of type 'System.String'.
2025-09-29 18:33:09.723 +02:00 [INF] Executed action QuizApp.Controllers.FillInTheBlankController.Question (QuizApp) in 43.7998ms
2025-09-29 18:33:09.723 +02:00 [INF] Executed endpoint 'QuizApp.Controllers.FillInTheBlankController.Question (QuizApp)'
2025-09-29 18:33:09.723 +02:00 [INF] Request finished HTTP/1.1 POST http://localhost:5155/FillInTheBlank/Question/1 - 404 null text/plain; charset=utf-8 49.2338ms
2025-09-29 18:34:32.849 +02:00 [INF] Application is shutting down...
