2025-09-29 18:16:16.309 +02:00 [INF] User profile is available. Using '/home/mathias/.aspnet/DataProtection-Keys' as key repository; keys will not be encrypted at rest.
2025-09-29 18:16:16.354 +02:00 [INF] Now listening on: http://localhost:5155
2025-09-29 18:16:16.356 +02:00 [INF] Application started. Press Ctrl+C to shut down.
2025-09-29 18:16:16.357 +02:00 [INF] Hosting environment: Development
2025-09-29 18:16:16.357 +02:00 [INF] Content root path: /home/mathias/Documents/Programmering/QuizApp
2025-09-29 18:16:18.921 +02:00 [INF] Request starting HTTP/1.1 GET http://localhost:5155/FillInTheBlank/Question/1 - null null
2025-09-29 18:16:18.933 +02:00 [INF] Executing endpoint 'QuizApp.Controllers.FillInTheBlankController.Question (QuizApp)'
2025-09-29 18:16:18.942 +02:00 [INF] Route matched with {action = "Question", controller = "FillInTheBlank"}. Executing controller action with signature System.Threading.Tasks.Task`1[Microsoft.AspNetCore.Mvc.IActionResult] Question(Int32) on controller QuizApp.Controllers.FillInTheBlankController (QuizApp).
2025-09-29 18:16:19.029 +02:00 [INF] Executing ViewResult, running view Question.
2025-09-29 18:16:19.080 +02:00 [INF] Executed ViewResult - view Question executed in 50.1043ms.
2025-09-29 18:16:19.081 +02:00 [INF] Executed action QuizApp.Controllers.FillInTheBlankController.Question (QuizApp) in 137.9608ms
2025-09-29 18:16:19.081 +02:00 [INF] Executed endpoint 'QuizApp.Controllers.FillInTheBlankController.Question (QuizApp)'
2025-09-29 18:16:19.084 +02:00 [INF] Request finished HTTP/1.1 GET http://localhost:5155/FillInTheBlank/Question/1 - 200 null text/html; charset=utf-8 163.78ms
2025-09-29 18:16:19.098 +02:00 [INF] Request starting HTTP/1.1 GET http://localhost:5155/js/bootstrap.js - null null
2025-09-29 18:16:19.099 +02:00 [INF] Request starting HTTP/1.1 GET http://localhost:5155/js/jquery.min.js - null null
2025-09-29 18:16:19.101 +02:00 [INF] The file /js/jquery.min.js was not modified
2025-09-29 18:16:19.101 +02:00 [INF] The file /js/bootstrap.js was not modified
2025-09-29 18:16:19.102 +02:00 [INF] Request finished HTTP/1.1 GET http://localhost:5155/js/bootstrap.js - 304 null text/javascript 3.2763ms
2025-09-29 18:16:19.102 +02:00 [INF] Request finished HTTP/1.1 GET http://localhost:5155/js/jquery.min.js - 304 null text/javascript 2.9716ms
2025-09-29 18:16:42.180 +02:00 [INF] Application is shutting down...
