2025-09-29 23:53:11.750 +02:00 [INF] User profile is available. Using '/home/mathias/.aspnet/DataProtection-Keys' as key repository; keys will not be encrypted at rest.
2025-09-29 23:53:11.800 +02:00 [INF] Now listening on: http://localhost:5155
2025-09-29 23:53:11.802 +02:00 [INF] Application started. Press Ctrl+C to shut down.
2025-09-29 23:53:11.803 +02:00 [INF] Hosting environment: Development
2025-09-29 23:53:11.803 +02:00 [INF] Content root path: /home/mathias/Documents/Programmering/QuizApp
2025-09-29 23:53:13.797 +02:00 [INF] Request starting HTTP/1.1 GET http://localhost:5155/ - null null
2025-09-29 23:53:13.808 +02:00 [INF] Executing endpoint 'QuizApp.Controllers.HomeController.Index (QuizApp)'
2025-09-29 23:53:13.814 +02:00 [INF] Route matched with {action = "Index", controller = "Home"}. Executing controller action with signature Microsoft.AspNetCore.Mvc.IActionResult Index() on controller QuizApp.Controllers.HomeController (QuizApp).
2025-09-29 23:53:13.817 +02:00 [INF] Executing ViewResult, running view Index.
2025-09-29 23:53:13.838 +02:00 [INF] Executed ViewResult - view Index executed in 21.5593ms.
2025-09-29 23:53:13.839 +02:00 [INF] Executed action QuizApp.Controllers.HomeController.Index (QuizApp) in 25.1867ms
2025-09-29 23:53:13.839 +02:00 [INF] Executed endpoint 'QuizApp.Controllers.HomeController.Index (QuizApp)'
2025-09-29 23:53:13.840 +02:00 [INF] Request finished HTTP/1.1 GET http://localhost:5155/ - 200 null text/html; charset=utf-8 44.783ms
2025-09-29 23:53:15.069 +02:00 [INF] Request starting HTTP/1.1 GET http://localhost:5155/FillInTheBlank/Questions - null null
2025-09-29 23:53:15.072 +02:00 [INF] Executing endpoint 'QuizApp.Controllers.FillInTheBlankController.Questions (QuizApp)'
2025-09-29 23:53:15.075 +02:00 [INF] Route matched with {action = "Questions", controller = "FillInTheBlank"}. Executing controller action with signature System.Threading.Tasks.Task`1[Microsoft.AspNetCore.Mvc.IActionResult] Questions() on controller QuizApp.Controllers.FillInTheBlankController (QuizApp).
2025-09-29 23:53:15.142 +02:00 [INF] Executing ViewResult, running view Questions.
2025-09-29 23:53:15.143 +02:00 [INF] Executed action QuizApp.Controllers.FillInTheBlankController.Questions (QuizApp) in 68.1419ms
2025-09-29 23:53:15.144 +02:00 [INF] Executed endpoint 'QuizApp.Controllers.FillInTheBlankController.Questions (QuizApp)'
2025-09-29 23:53:15.151 +02:00 [ERR] An unhandled exception has occurred while executing the request.
System.InvalidOperationException: The model item passed into the ViewDataDictionary is of type 'System.Collections.Generic.List`1[QuizApp.Models.FillInTheBlank]', but this ViewDataDictionary instance requires a model item of type 'QuizApp.ViewModels.QuestionsViewModel'.
   at Microsoft.AspNetCore.Mvc.ViewFeatures.ViewDataDictionary.EnsureCompatible(Object value)
   at lambda_method88(Closure, ViewDataDictionary)
   at Microsoft.AspNetCore.Mvc.Razor.RazorPagePropertyActivator.Activate(Object page, ViewContext context)
   at Microsoft.AspNetCore.Mvc.Razor.RazorView.RenderPageCoreAsync(IRazorPage page, ViewContext context)
   at Microsoft.AspNetCore.Mvc.Razor.RazorView.RenderPageAsync(IRazorPage page, ViewContext context, Boolean invokeViewStarts)
   at Microsoft.AspNetCore.Mvc.Razor.RazorView.RenderAsync(ViewContext context)
   at Microsoft.AspNetCore.Mvc.ViewFeatures.ViewExecutor.ExecuteAsync(ViewContext viewContext, String contentType, Nullable`1 statusCode)
   at Microsoft.AspNetCore.Mvc.ViewFeatures.ViewExecutor.ExecuteAsync(ViewContext viewContext, String contentType, Nullable`1 statusCode)
   at Microsoft.AspNetCore.Mvc.ViewFeatures.ViewExecutor.ExecuteAsync(ActionContext actionContext, IView view, ViewDataDictionary viewData, ITempDataDictionary tempData, String contentType, Nullable`1 statusCode)
   at Microsoft.AspNetCore.Mvc.ViewFeatures.ViewResultExecutor.ExecuteAsync(ActionContext context, ViewResult result)
   at Microsoft.AspNetCore.Mvc.ViewResult.ExecuteResultAsync(ActionContext context)
   at Microsoft.AspNetCore.Mvc.Infrastructure.ResourceInvoker.<InvokeNextResultFilterAsync>g__Awaited|30_0[TFilter,TFilterAsync](ResourceInvoker invoker, Task lastTask, State next, Scope scope, Object state, Boolean isCompleted)
   at Microsoft.AspNetCore.Mvc.Infrastructure.ResourceInvoker.Rethrow(ResultExecutedContextSealed context)
   at Microsoft.AspNetCore.Mvc.Infrastructure.ResourceInvoker.ResultNext[TFilter,TFilterAsync](State& next, Scope& scope, Object& state, Boolean& isCompleted)
   at Microsoft.AspNetCore.Mvc.Infrastructure.ResourceInvoker.InvokeResultFilters()
--- End of stack trace from previous location ---
   at Microsoft.AspNetCore.Mvc.Infrastructure.ResourceInvoker.<InvokeNextResourceFilter>g__Awaited|25_0(ResourceInvoker invoker, Task lastTask, State next, Scope scope, Object state, Boolean isCompleted)
   at Microsoft.AspNetCore.Mvc.Infrastructure.ResourceInvoker.Rethrow(ResourceExecutedContextSealed context)
   at Microsoft.AspNetCore.Mvc.Infrastructure.ResourceInvoker.Next(State& next, Scope& scope, Object& state, Boolean& isCompleted)
   at Microsoft.AspNetCore.Mvc.Infrastructure.ResourceInvoker.InvokeFilterPipelineAsync()
--- End of stack trace from previous location ---
   at Microsoft.AspNetCore.Mvc.Infrastructure.ResourceInvoker.<InvokeAsync>g__Logged|17_1(ResourceInvoker invoker)
   at Microsoft.AspNetCore.Mvc.Infrastructure.ResourceInvoker.<InvokeAsync>g__Logged|17_1(ResourceInvoker invoker)
   at Microsoft.AspNetCore.Routing.EndpointMiddleware.<Invoke>g__AwaitRequestTask|7_0(Endpoint endpoint, Task requestTask, ILogger logger)
   at Microsoft.AspNetCore.Diagnostics.DeveloperExceptionPageMiddlewareImpl.Invoke(HttpContext context)
2025-09-29 23:53:15.160 +02:00 [INF] Request finished HTTP/1.1 GET http://localhost:5155/FillInTheBlank/Questions - 500 null text/html; charset=utf-8 91.1748ms
2025-09-29 23:56:09.988 +02:00 [INF] Application is shutting down...
