2025-09-29 18:18:53.264 +02:00 [INF] User profile is available. Using '/home/mathias/.aspnet/DataProtection-Keys' as key repository; keys will not be encrypted at rest.
2025-09-29 18:18:53.310 +02:00 [INF] Now listening on: http://localhost:5155
2025-09-29 18:18:53.312 +02:00 [INF] Application started. Press Ctrl+C to shut down.
2025-09-29 18:18:53.312 +02:00 [INF] Hosting environment: Development
2025-09-29 18:18:53.312 +02:00 [INF] Content root path: /home/mathias/Documents/Programmering/QuizApp
2025-09-29 18:19:00.302 +02:00 [INF] Request starting HTTP/1.1 GET http://localhost:5155/FillInTheBlank/Question/1 - null null
2025-09-29 18:19:00.315 +02:00 [INF] Executing endpoint 'QuizApp.Controllers.FillInTheBlankController.Question (QuizApp)'
2025-09-29 18:19:00.325 +02:00 [INF] Route matched with {action = "Question", controller = "FillInTheBlank"}. Executing controller action with signature System.Threading.Tasks.Task`1[Microsoft.AspNetCore.Mvc.IActionResult] Question(Int32) on controller QuizApp.Controllers.FillInTheBlankController (QuizApp).
2025-09-29 18:19:00.414 +02:00 [INF] Executing ViewResult, running view Question.
2025-09-29 18:19:00.464 +02:00 [INF] Executed ViewResult - view Question executed in 49.9344ms.
2025-09-29 18:19:00.465 +02:00 [INF] Executed action QuizApp.Controllers.FillInTheBlankController.Question (QuizApp) in 139.6543ms
2025-09-29 18:19:00.465 +02:00 [INF] Executed endpoint 'QuizApp.Controllers.FillInTheBlankController.Question (QuizApp)'
2025-09-29 18:19:00.468 +02:00 [INF] Request finished HTTP/1.1 GET http://localhost:5155/FillInTheBlank/Question/1 - 200 null text/html; charset=utf-8 167.0439ms
2025-09-29 18:19:04.486 +02:00 [INF] Request starting HTTP/1.1 POST http://localhost:5155/FillInTheBlank/Question/1 - application/x-www-form-urlencoded 198
2025-09-29 18:19:04.488 +02:00 [INF] Executing endpoint 'QuizApp.Controllers.FillInTheBlankController.Question (QuizApp)'
2025-09-29 18:19:04.491 +02:00 [INF] Route matched with {action = "Question", controller = "FillInTheBlank"}. Executing controller action with signature System.Threading.Tasks.Task`1[Microsoft.AspNetCore.Mvc.IActionResult] Question(QuizApp.ViewModels.FillInTheBlankViewModel) on controller QuizApp.Controllers.FillInTheBlankController (QuizApp).
2025-09-29 18:19:04.527 +02:00 [ERR] [QuizService] FillInTheBlank question not found for the Id  0000
2025-09-29 18:19:04.528 +02:00 [INF] Executing ViewResult, running view Question.
2025-09-29 18:19:04.530 +02:00 [INF] Executed ViewResult - view Question executed in 2.2278ms.
2025-09-29 18:19:04.530 +02:00 [INF] Executed action QuizApp.Controllers.FillInTheBlankController.Question (QuizApp) in 38.732ms
2025-09-29 18:19:04.530 +02:00 [INF] Executed endpoint 'QuizApp.Controllers.FillInTheBlankController.Question (QuizApp)'
2025-09-29 18:19:04.530 +02:00 [INF] Request finished HTTP/1.1 POST http://localhost:5155/FillInTheBlank/Question/1 - 200 null text/html; charset=utf-8 43.6618ms
2025-09-29 18:19:04.557 +02:00 [INF] Request starting HTTP/1.1 GET http://localhost:5155/favicon.ico - null null
2025-09-29 18:19:04.560 +02:00 [INF] Request finished HTTP/1.1 GET http://localhost:5155/favicon.ico - 404 0 null 2.9563ms
2025-09-29 18:19:04.560 +02:00 [INF] Request reached the end of the middleware pipeline without being handled by application code. Request path: GET http://localhost:5155/favicon.ico, Response status code: 404
2025-09-29 18:19:13.386 +02:00 [INF] Request starting HTTP/1.1 POST http://localhost:5155/FillInTheBlank/Question/1 - application/x-www-form-urlencoded 198
2025-09-29 18:19:13.387 +02:00 [INF] Executing endpoint 'QuizApp.Controllers.FillInTheBlankController.Question (QuizApp)'
2025-09-29 18:19:13.387 +02:00 [INF] Route matched with {action = "Question", controller = "FillInTheBlank"}. Executing controller action with signature System.Threading.Tasks.Task`1[Microsoft.AspNetCore.Mvc.IActionResult] Question(QuizApp.ViewModels.FillInTheBlankViewModel) on controller QuizApp.Controllers.FillInTheBlankController (QuizApp).
2025-09-29 18:19:13.390 +02:00 [ERR] [QuizService] FillInTheBlank question not found for the Id  0000
2025-09-29 18:19:13.390 +02:00 [INF] Executing ViewResult, running view Question.
2025-09-29 18:19:13.391 +02:00 [INF] Executed ViewResult - view Question executed in 0.9254ms.
2025-09-29 18:19:13.391 +02:00 [INF] Executed action QuizApp.Controllers.FillInTheBlankController.Question (QuizApp) in 3.9108ms
2025-09-29 18:19:13.391 +02:00 [INF] Executed endpoint 'QuizApp.Controllers.FillInTheBlankController.Question (QuizApp)'
2025-09-29 18:19:13.391 +02:00 [INF] Request finished HTTP/1.1 POST http://localhost:5155/FillInTheBlank/Question/1 - 200 null text/html; charset=utf-8 4.4656ms
2025-09-29 18:19:15.562 +02:00 [INF] Request starting HTTP/1.1 GET http://localhost:5155/ - null null
2025-09-29 18:19:15.563 +02:00 [INF] Executing endpoint 'QuizApp.Controllers.HomeController.Index (QuizApp)'
2025-09-29 18:19:15.564 +02:00 [INF] Route matched with {action = "Index", controller = "Home"}. Executing controller action with signature Microsoft.AspNetCore.Mvc.IActionResult Index() on controller QuizApp.Controllers.HomeController (QuizApp).
2025-09-29 18:19:15.564 +02:00 [INF] Executing ViewResult, running view Index.
2025-09-29 18:19:15.566 +02:00 [INF] Executed ViewResult - view Index executed in 2.5726ms.
2025-09-29 18:19:15.566 +02:00 [INF] Executed action QuizApp.Controllers.HomeController.Index (QuizApp) in 2.832ms
2025-09-29 18:19:15.567 +02:00 [INF] Executed endpoint 'QuizApp.Controllers.HomeController.Index (QuizApp)'
2025-09-29 18:19:15.567 +02:00 [INF] Request finished HTTP/1.1 GET http://localhost:5155/ - 200 null text/html; charset=utf-8 4.1537ms
2025-09-29 18:19:16.066 +02:00 [INF] Request starting HTTP/1.1 GET http://localhost:5155/FillInTheBlank/Question/1 - null null
2025-09-29 18:19:16.066 +02:00 [INF] Executing endpoint 'QuizApp.Controllers.FillInTheBlankController.Question (QuizApp)'
2025-09-29 18:19:16.066 +02:00 [INF] Route matched with {action = "Question", controller = "FillInTheBlank"}. Executing controller action with signature System.Threading.Tasks.Task`1[Microsoft.AspNetCore.Mvc.IActionResult] Question(Int32) on controller QuizApp.Controllers.FillInTheBlankController (QuizApp).
2025-09-29 18:19:16.068 +02:00 [INF] Executing ViewResult, running view Question.
2025-09-29 18:19:16.069 +02:00 [INF] Executed ViewResult - view Question executed in 0.7957ms.
2025-09-29 18:19:16.069 +02:00 [INF] Executed action QuizApp.Controllers.FillInTheBlankController.Question (QuizApp) in 2.7986ms
2025-09-29 18:19:16.069 +02:00 [INF] Executed endpoint 'QuizApp.Controllers.FillInTheBlankController.Question (QuizApp)'
2025-09-29 18:19:16.069 +02:00 [INF] Request finished HTTP/1.1 GET http://localhost:5155/FillInTheBlank/Question/1 - 200 null text/html; charset=utf-8 3.3763ms
2025-09-29 18:20:34.030 +02:00 [INF] Request starting HTTP/1.1 POST http://localhost:5155/FillInTheBlank/Question/1 - application/x-www-form-urlencoded 198
2025-09-29 18:20:34.031 +02:00 [INF] Executing endpoint 'QuizApp.Controllers.FillInTheBlankController.Question (QuizApp)'
2025-09-29 18:20:34.031 +02:00 [INF] Route matched with {action = "Question", controller = "FillInTheBlank"}. Executing controller action with signature System.Threading.Tasks.Task`1[Microsoft.AspNetCore.Mvc.IActionResult] Question(QuizApp.ViewModels.FillInTheBlankViewModel) on controller QuizApp.Controllers.FillInTheBlankController (QuizApp).
2025-09-29 18:20:34.032 +02:00 [ERR] [QuizService] FillInTheBlank question not found for the Id  0000
2025-09-29 18:20:34.032 +02:00 [INF] Executing ViewResult, running view Question.
2025-09-29 18:20:34.033 +02:00 [INF] Executed ViewResult - view Question executed in 0.6924ms.
2025-09-29 18:20:34.033 +02:00 [INF] Executed action QuizApp.Controllers.FillInTheBlankController.Question (QuizApp) in 2.3299ms
2025-09-29 18:20:34.033 +02:00 [INF] Executed endpoint 'QuizApp.Controllers.FillInTheBlankController.Question (QuizApp)'
2025-09-29 18:20:34.033 +02:00 [INF] Request finished HTTP/1.1 POST http://localhost:5155/FillInTheBlank/Question/1 - 200 null text/html; charset=utf-8 2.7576ms
2025-09-29 18:21:54.309 +02:00 [INF] Application is shutting down...
