2025-09-29 18:24:01.398 +02:00 [INF] User profile is available. Using '/home/mathias/.aspnet/DataProtection-Keys' as key repository; keys will not be encrypted at rest.
2025-09-29 18:24:01.448 +02:00 [INF] Now listening on: http://localhost:5155
2025-09-29 18:24:01.451 +02:00 [INF] Application started. Press Ctrl+C to shut down.
2025-09-29 18:24:01.451 +02:00 [INF] Hosting environment: Development
2025-09-29 18:24:01.451 +02:00 [INF] Content root path: /home/mathias/Documents/Programmering/QuizApp
2025-09-29 18:24:03.981 +02:00 [INF] Request starting HTTP/1.1 POST http://localhost:5155/FillInTheBlank/Question/1 - application/x-www-form-urlencoded 198
2025-09-29 18:24:03.994 +02:00 [INF] Executing endpoint 'QuizApp.Controllers.FillInTheBlankController.Question (QuizApp)'
2025-09-29 18:24:04.004 +02:00 [INF] Route matched with {action = "Question", controller = "FillInTheBlank"}. Executing controller action with signature System.Threading.Tasks.Task`1[Microsoft.AspNetCore.Mvc.IActionResult] Question(QuizApp.ViewModels.FillInTheBlankViewModel) on controller QuizApp.Controllers.FillInTheBlankController (QuizApp).
2025-09-29 18:24:04.092 +02:00 [ERR] [QuizService] FillInTheBlank question not found for the Id  0000
2025-09-29 18:24:04.095 +02:00 [INF] Executing ViewResult, running view Question.
2025-09-29 18:24:04.143 +02:00 [INF] Executed ViewResult - view Question executed in 48.357ms.
2025-09-29 18:24:04.144 +02:00 [INF] Executed action QuizApp.Controllers.FillInTheBlankController.Question (QuizApp) in 140.156ms
2025-09-29 18:24:04.144 +02:00 [INF] Executed endpoint 'QuizApp.Controllers.FillInTheBlankController.Question (QuizApp)'
2025-09-29 18:24:04.147 +02:00 [INF] Request finished HTTP/1.1 POST http://localhost:5155/FillInTheBlank/Question/1 - 200 null text/html; charset=utf-8 166.4812ms
2025-09-29 18:24:04.843 +02:00 [INF] Request starting HTTP/1.1 GET http://localhost:5155/ - null null
2025-09-29 18:24:04.844 +02:00 [INF] Executing endpoint 'QuizApp.Controllers.HomeController.Index (QuizApp)'
2025-09-29 18:24:04.845 +02:00 [INF] Route matched with {action = "Index", controller = "Home"}. Executing controller action with signature Microsoft.AspNetCore.Mvc.IActionResult Index() on controller QuizApp.Controllers.HomeController (QuizApp).
2025-09-29 18:24:04.846 +02:00 [INF] Executing ViewResult, running view Index.
2025-09-29 18:24:04.848 +02:00 [INF] Executed ViewResult - view Index executed in 2.8624ms.
2025-09-29 18:24:04.848 +02:00 [INF] Executed action QuizApp.Controllers.HomeController.Index (QuizApp) in 3.203ms
2025-09-29 18:24:04.848 +02:00 [INF] Executed endpoint 'QuizApp.Controllers.HomeController.Index (QuizApp)'
2025-09-29 18:24:04.848 +02:00 [INF] Request finished HTTP/1.1 GET http://localhost:5155/ - 200 null text/html; charset=utf-8 4.8764ms
2025-09-29 18:24:05.456 +02:00 [INF] Request starting HTTP/1.1 GET http://localhost:5155/FillInTheBlank/Question/1 - null null
2025-09-29 18:24:05.457 +02:00 [INF] Executing endpoint 'QuizApp.Controllers.FillInTheBlankController.Question (QuizApp)'
2025-09-29 18:24:05.459 +02:00 [INF] Route matched with {action = "Question", controller = "FillInTheBlank"}. Executing controller action with signature System.Threading.Tasks.Task`1[Microsoft.AspNetCore.Mvc.IActionResult] Question(Int32) on controller QuizApp.Controllers.FillInTheBlankController (QuizApp).
2025-09-29 18:24:05.491 +02:00 [INF] Executing ViewResult, running view Question.
2025-09-29 18:24:05.492 +02:00 [INF] Executed ViewResult - view Question executed in 1.4391ms.
2025-09-29 18:24:05.492 +02:00 [INF] Executed action QuizApp.Controllers.FillInTheBlankController.Question (QuizApp) in 32.6774ms
2025-09-29 18:24:05.492 +02:00 [INF] Executed endpoint 'QuizApp.Controllers.FillInTheBlankController.Question (QuizApp)'
2025-09-29 18:24:05.493 +02:00 [INF] Request finished HTTP/1.1 GET http://localhost:5155/FillInTheBlank/Question/1 - 200 null text/html; charset=utf-8 36.3329ms
2025-09-29 18:24:10.149 +02:00 [INF] Request starting HTTP/1.1 POST http://localhost:5155/FillInTheBlank/Question/1 - application/x-www-form-urlencoded 198
2025-09-29 18:24:10.149 +02:00 [INF] Executing endpoint 'QuizApp.Controllers.FillInTheBlankController.Question (QuizApp)'
2025-09-29 18:24:10.149 +02:00 [INF] Route matched with {action = "Question", controller = "FillInTheBlank"}. Executing controller action with signature System.Threading.Tasks.Task`1[Microsoft.AspNetCore.Mvc.IActionResult] Question(QuizApp.ViewModels.FillInTheBlankViewModel) on controller QuizApp.Controllers.FillInTheBlankController (QuizApp).
2025-09-29 18:24:10.152 +02:00 [ERR] [QuizService] FillInTheBlank question not found for the Id  0000
2025-09-29 18:24:10.153 +02:00 [INF] Executing ViewResult, running view Question.
2025-09-29 18:24:10.154 +02:00 [INF] Executed ViewResult - view Question executed in 0.9969ms.
2025-09-29 18:24:10.154 +02:00 [INF] Executed action QuizApp.Controllers.FillInTheBlankController.Question (QuizApp) in 4.3589ms
2025-09-29 18:24:10.154 +02:00 [INF] Executed endpoint 'QuizApp.Controllers.FillInTheBlankController.Question (QuizApp)'
2025-09-29 18:24:10.154 +02:00 [INF] Request finished HTTP/1.1 POST http://localhost:5155/FillInTheBlank/Question/1 - 200 null text/html; charset=utf-8 5.0952ms
2025-09-29 18:24:10.178 +02:00 [INF] Request starting HTTP/1.1 GET http://localhost:5155/favicon.ico - null null
2025-09-29 18:24:10.181 +02:00 [INF] Request finished HTTP/1.1 GET http://localhost:5155/favicon.ico - 404 0 null 2.5ms
2025-09-29 18:24:10.181 +02:00 [INF] Request reached the end of the middleware pipeline without being handled by application code. Request path: GET http://localhost:5155/favicon.ico, Response status code: 404
2025-09-29 18:28:44.735 +02:00 [INF] Application is shutting down...
