2025-09-29 17:09:24.146 +02:00 [INF] User profile is available. Using '/home/mathias/.aspnet/DataProtection-Keys' as key repository; keys will not be encrypted at rest.
2025-09-29 17:09:24.191 +02:00 [INF] Now listening on: http://localhost:5155
2025-09-29 17:09:24.193 +02:00 [INF] Application started. Press Ctrl+C to shut down.
2025-09-29 17:09:24.193 +02:00 [INF] Hosting environment: Development
2025-09-29 17:09:24.193 +02:00 [INF] Content root path: /home/mathias/Documents/Programmering/QuizApp
2025-09-29 17:09:27.165 +02:00 [INF] Request starting HTTP/1.1 GET http://localhost:5155/FillInTheBlank/Question/1 - null null
2025-09-29 17:09:27.178 +02:00 [INF] Executing endpoint 'QuizApp.Controllers.FillInTheBlankController.Question (QuizApp)'
2025-09-29 17:09:27.187 +02:00 [INF] Route matched with {action = "Question", controller = "FillInTheBlank"}. Executing controller action with signature System.Threading.Tasks.Task`1[Microsoft.AspNetCore.Mvc.IActionResult] Question(Int32) on controller QuizApp.Controllers.FillInTheBlankController (QuizApp).
2025-09-29 17:09:27.275 +02:00 [INF] Executing ViewResult, running view Question.
2025-09-29 17:09:27.323 +02:00 [INF] Executed ViewResult - view Question executed in 47.2295ms.
2025-09-29 17:09:27.324 +02:00 [INF] Executed action QuizApp.Controllers.FillInTheBlankController.Question (QuizApp) in 136.7008ms
2025-09-29 17:09:27.324 +02:00 [INF] Executed endpoint 'QuizApp.Controllers.FillInTheBlankController.Question (QuizApp)'
2025-09-29 17:09:27.328 +02:00 [INF] Request finished HTTP/1.1 GET http://localhost:5155/FillInTheBlank/Question/1 - 200 null text/html; charset=utf-8 163.5474ms
2025-09-29 17:09:32.085 +02:00 [INF] Request starting HTTP/1.1 GET http://localhost:5155/FillInTheBlank/Question/2 - null null
2025-09-29 17:09:32.086 +02:00 [INF] Executing endpoint 'QuizApp.Controllers.FillInTheBlankController.Question (QuizApp)'
2025-09-29 17:09:32.086 +02:00 [INF] Route matched with {action = "Question", controller = "FillInTheBlank"}. Executing controller action with signature System.Threading.Tasks.Task`1[Microsoft.AspNetCore.Mvc.IActionResult] Question(Int32) on controller QuizApp.Controllers.FillInTheBlankController (QuizApp).
2025-09-29 17:09:32.118 +02:00 [INF] Executing ViewResult, running view Question.
2025-09-29 17:09:32.120 +02:00 [INF] Executed ViewResult - view Question executed in 1.5138ms.
2025-09-29 17:09:32.120 +02:00 [INF] Executed action QuizApp.Controllers.FillInTheBlankController.Question (QuizApp) in 33.5326ms
2025-09-29 17:09:32.120 +02:00 [INF] Executed endpoint 'QuizApp.Controllers.FillInTheBlankController.Question (QuizApp)'
2025-09-29 17:09:32.120 +02:00 [INF] Request finished HTTP/1.1 GET http://localhost:5155/FillInTheBlank/Question/2 - 200 null text/html; charset=utf-8 34.8859ms
2025-09-29 17:09:41.020 +02:00 [INF] Request starting HTTP/1.1 GET http://localhost:5155/ - null null
2025-09-29 17:09:41.021 +02:00 [INF] Executing endpoint 'QuizApp.Controllers.HomeController.Index (QuizApp)'
2025-09-29 17:09:41.022 +02:00 [INF] Route matched with {action = "Index", controller = "Home"}. Executing controller action with signature Microsoft.AspNetCore.Mvc.IActionResult Index() on controller QuizApp.Controllers.HomeController (QuizApp).
2025-09-29 17:09:41.023 +02:00 [INF] Executing ViewResult, running view Index.
2025-09-29 17:09:41.024 +02:00 [INF] Executed ViewResult - view Index executed in 2.0934ms.
2025-09-29 17:09:41.024 +02:00 [INF] Executed action QuizApp.Controllers.HomeController.Index (QuizApp) in 2.394ms
2025-09-29 17:09:41.024 +02:00 [INF] Executed endpoint 'QuizApp.Controllers.HomeController.Index (QuizApp)'
2025-09-29 17:09:41.024 +02:00 [INF] Request finished HTTP/1.1 GET http://localhost:5155/ - 200 null text/html; charset=utf-8 4.3701ms
2025-09-29 17:09:42.070 +02:00 [INF] Request starting HTTP/1.1 GET http://localhost:5155/FillInTheBlank/Question/1 - null null
2025-09-29 17:09:42.070 +02:00 [INF] Executing endpoint 'QuizApp.Controllers.FillInTheBlankController.Question (QuizApp)'
2025-09-29 17:09:42.070 +02:00 [INF] Route matched with {action = "Question", controller = "FillInTheBlank"}. Executing controller action with signature System.Threading.Tasks.Task`1[Microsoft.AspNetCore.Mvc.IActionResult] Question(Int32) on controller QuizApp.Controllers.FillInTheBlankController (QuizApp).
2025-09-29 17:09:42.073 +02:00 [INF] Executing ViewResult, running view Question.
2025-09-29 17:09:42.074 +02:00 [INF] Executed ViewResult - view Question executed in 0.5945ms.
2025-09-29 17:09:42.074 +02:00 [INF] Executed action QuizApp.Controllers.FillInTheBlankController.Question (QuizApp) in 3.2765ms
2025-09-29 17:09:42.074 +02:00 [INF] Executed endpoint 'QuizApp.Controllers.FillInTheBlankController.Question (QuizApp)'
2025-09-29 17:09:42.074 +02:00 [INF] Request finished HTTP/1.1 GET http://localhost:5155/FillInTheBlank/Question/1 - 200 null text/html; charset=utf-8 3.8945ms
2025-09-29 17:09:49.136 +02:00 [INF] Application is shutting down...
