2025-09-29 23:56:14.208 +02:00 [INF] User profile is available. Using '/home/mathias/.aspnet/DataProtection-Keys' as key repository; keys will not be encrypted at rest.
2025-09-29 23:56:14.255 +02:00 [INF] Now listening on: http://localhost:5155
2025-09-29 23:56:14.257 +02:00 [INF] Application started. Press Ctrl+C to shut down.
2025-09-29 23:56:14.257 +02:00 [INF] Hosting environment: Development
2025-09-29 23:56:14.257 +02:00 [INF] Content root path: /home/mathias/Documents/Programmering/QuizApp
2025-09-29 23:56:17.929 +02:00 [INF] Request starting HTTP/1.1 GET http://localhost:5155/ - null null
2025-09-29 23:56:17.941 +02:00 [INF] Executing endpoint 'QuizApp.Controllers.HomeController.Index (QuizApp)'
2025-09-29 23:56:17.947 +02:00 [INF] Route matched with {action = "Index", controller = "Home"}. Executing controller action with signature Microsoft.AspNetCore.Mvc.IActionResult Index() on controller QuizApp.Controllers.HomeController (QuizApp).
2025-09-29 23:56:17.950 +02:00 [INF] Executing ViewResult, running view Index.
2025-09-29 23:56:17.971 +02:00 [INF] Executed ViewResult - view Index executed in 21.4067ms.
2025-09-29 23:56:17.972 +02:00 [INF] Executed action QuizApp.Controllers.HomeController.Index (QuizApp) in 25.2152ms
2025-09-29 23:56:17.972 +02:00 [INF] Executed endpoint 'QuizApp.Controllers.HomeController.Index (QuizApp)'
2025-09-29 23:56:17.973 +02:00 [INF] Request finished HTTP/1.1 GET http://localhost:5155/ - 200 null text/html; charset=utf-8 45.3738ms
2025-09-29 23:56:18.158 +02:00 [INF] Request starting HTTP/1.1 GET http://localhost:5155/favicon.ico - null null
2025-09-29 23:56:18.161 +02:00 [INF] Request finished HTTP/1.1 GET http://localhost:5155/favicon.ico - 404 0 null 2.1895ms
2025-09-29 23:56:18.162 +02:00 [INF] Request reached the end of the middleware pipeline without being handled by application code. Request path: GET http://localhost:5155/favicon.ico, Response status code: 404
2025-09-29 23:56:19.325 +02:00 [INF] Request starting HTTP/1.1 GET http://localhost:5155/FillInTheBlank/Questions - null null
2025-09-29 23:56:19.326 +02:00 [INF] Executing endpoint 'QuizApp.Controllers.FillInTheBlankController.Questions (QuizApp)'
2025-09-29 23:56:19.329 +02:00 [INF] Route matched with {action = "Questions", controller = "FillInTheBlank"}. Executing controller action with signature System.Threading.Tasks.Task`1[Microsoft.AspNetCore.Mvc.IActionResult] Questions() on controller QuizApp.Controllers.FillInTheBlankController (QuizApp).
2025-09-29 23:56:19.394 +02:00 [INF] Executing ViewResult, running view Questions.
2025-09-29 23:56:19.398 +02:00 [INF] Executed action QuizApp.Controllers.FillInTheBlankController.Questions (QuizApp) in 68.913ms
2025-09-29 23:56:19.398 +02:00 [INF] Executed endpoint 'QuizApp.Controllers.FillInTheBlankController.Questions (QuizApp)'
2025-09-29 23:56:19.406 +02:00 [ERR] An unhandled exception has occurred while executing the request.
System.InvalidOperationException: The partial view '_FillInTheBlankCar' was not found. The following locations were searched:
/Views/FillInTheBlank/_FillInTheBlankCar.cshtml
/Views/Shared/_FillInTheBlankCar.cshtml
/Pages/Shared/_FillInTheBlankCar.cshtml
   at Microsoft.AspNetCore.Mvc.TagHelpers.PartialTagHelper.ProcessAsync(TagHelperContext context, TagHelperOutput output)
   at Microsoft.AspNetCore.Razor.Runtime.TagHelpers.TagHelperRunner.<RunAsync>g__Awaited|0_0(Task task, TagHelperExecutionContext executionContext, Int32 i, Int32 count)
   at AspNetCoreGeneratedDocument.Views_FillInTheBlank_Questions.ExecuteAsync() in /home/mathias/Documents/Programmering/QuizApp/Views/FillInTheBlank/Questions.cshtml:line 8
   at Microsoft.AspNetCore.Mvc.Razor.RazorView.RenderPageCoreAsync(IRazorPage page, ViewContext context)
   at Microsoft.AspNetCore.Mvc.Razor.RazorView.RenderPageAsync(IRazorPage page, ViewContext context, Boolean invokeViewStarts)
   at Microsoft.AspNetCore.Mvc.Razor.RazorView.RenderAsync(ViewContext context)
   at Microsoft.AspNetCore.Mvc.ViewFeatures.ViewExecutor.ExecuteAsync(ViewContext viewContext, String contentType, Nullable`1 statusCode)
   at Microsoft.AspNetCore.Mvc.ViewFeatures.ViewExecutor.ExecuteAsync(ViewContext viewContext, String contentType, Nullable`1 statusCode)
   at Microsoft.AspNetCore.Mvc.ViewFeatures.ViewExecutor.ExecuteAsync(ActionContext actionContext, IView view, ViewDataDictionary viewData, ITempDataDictionary tempData, String contentType, Nullable`1 statusCode)
   at Microsoft.AspNetCore.Mvc.ViewFeatures.ViewResultExecutor.ExecuteAsync(ActionContext context, ViewResult result)
   at Microsoft.AspNetCore.Mvc.ViewResult.ExecuteResultAsync(ActionContext context)
   at Microsoft.AspNetCore.Mvc.Infrastructure.ResourceInvoker.<InvokeNextResultFilterAsync>g__Awaited|30_0[TFilter,TFilterAsync](ResourceInvoker invoker, Task lastTask, State next, Scope scope, Object state, Boolean isCompleted)
   at Microsoft.AspNetCore.Mvc.Infrastructure.ResourceInvoker.Rethrow(ResultExecutedContextSealed context)
   at Microsoft.AspNetCore.Mvc.Infrastructure.ResourceInvoker.ResultNext[TFilter,TFilterAsync](State& next, Scope& scope, Object& state, Boolean& isCompleted)
   at Microsoft.AspNetCore.Mvc.Infrastructure.ResourceInvoker.InvokeResultFilters()
--- End of stack trace from previous location ---
   at Microsoft.AspNetCore.Mvc.Infrastructure.ResourceInvoker.<InvokeNextResourceFilter>g__Awaited|25_0(ResourceInvoker invoker, Task lastTask, State next, Scope scope, Object state, Boolean isCompleted)
   at Microsoft.AspNetCore.Mvc.Infrastructure.ResourceInvoker.Rethrow(ResourceExecutedContextSealed context)
   at Microsoft.AspNetCore.Mvc.Infrastructure.ResourceInvoker.Next(State& next, Scope& scope, Object& state, Boolean& isCompleted)
   at Microsoft.AspNetCore.Mvc.Infrastructure.ResourceInvoker.InvokeFilterPipelineAsync()
--- End of stack trace from previous location ---
   at Microsoft.AspNetCore.Mvc.Infrastructure.ResourceInvoker.<InvokeAsync>g__Logged|17_1(ResourceInvoker invoker)
   at Microsoft.AspNetCore.Mvc.Infrastructure.ResourceInvoker.<InvokeAsync>g__Logged|17_1(ResourceInvoker invoker)
   at Microsoft.AspNetCore.Routing.EndpointMiddleware.<Invoke>g__AwaitRequestTask|7_0(Endpoint endpoint, Task requestTask, ILogger logger)
   at Microsoft.AspNetCore.Diagnostics.DeveloperExceptionPageMiddlewareImpl.Invoke(HttpContext context)
2025-09-29 23:56:19.416 +02:00 [INF] Request finished HTTP/1.1 GET http://localhost:5155/FillInTheBlank/Questions - 500 null text/html; charset=utf-8 91.2072ms
2025-09-29 23:56:42.041 +02:00 [INF] Application is shutting down...
