2025-09-29 23:24:02.093 +02:00 [INF] User profile is available. Using '/home/mathias/.aspnet/DataProtection-Keys' as key repository; keys will not be encrypted at rest.
2025-09-29 23:24:02.145 +02:00 [INF] Now listening on: http://localhost:5155
2025-09-29 23:24:02.148 +02:00 [INF] Application started. Press Ctrl+C to shut down.
2025-09-29 23:24:02.148 +02:00 [INF] Hosting environment: Development
2025-09-29 23:24:02.148 +02:00 [INF] Content root path: /home/mathias/Documents/Programmering/QuizApp
2025-09-29 23:24:06.305 +02:00 [INF] Request starting HTTP/1.1 GET http://localhost:5155/ - null null
2025-09-29 23:24:06.317 +02:00 [INF] Executing endpoint 'QuizApp.Controllers.HomeController.Index (QuizApp)'
2025-09-29 23:24:06.322 +02:00 [INF] Route matched with {action = "Index", controller = "Home"}. Executing controller action with signature Microsoft.AspNetCore.Mvc.IActionResult Index() on controller QuizApp.Controllers.HomeController (QuizApp).
2025-09-29 23:24:06.325 +02:00 [INF] Executing ViewResult, running view Index.
2025-09-29 23:24:06.346 +02:00 [INF] Executed ViewResult - view Index executed in 21.1489ms.
2025-09-29 23:24:06.347 +02:00 [INF] Executed action QuizApp.Controllers.HomeController.Index (QuizApp) in 24.9302ms
2025-09-29 23:24:06.347 +02:00 [INF] Executed endpoint 'QuizApp.Controllers.HomeController.Index (QuizApp)'
2025-09-29 23:24:06.348 +02:00 [INF] Request finished HTTP/1.1 GET http://localhost:5155/ - 200 null text/html; charset=utf-8 44.9191ms
2025-09-29 23:24:07.237 +02:00 [INF] Request starting HTTP/1.1 GET http://localhost:5155/FillInTheBlank/Question/1 - null null
2025-09-29 23:24:07.238 +02:00 [INF] Executing endpoint 'QuizApp.Controllers.FillInTheBlankController.Question (QuizApp)'
2025-09-29 23:24:07.245 +02:00 [INF] Route matched with {action = "Question", controller = "FillInTheBlank"}. Executing controller action with signature System.Threading.Tasks.Task`1[Microsoft.AspNetCore.Mvc.IActionResult] Question(Int32) on controller QuizApp.Controllers.FillInTheBlankController (QuizApp).
2025-09-29 23:24:07.332 +02:00 [INF] Executing ViewResult, running view Question.
2025-09-29 23:24:07.349 +02:00 [INF] Executed ViewResult - view Question executed in 18.0734ms.
2025-09-29 23:24:07.349 +02:00 [INF] Executed action QuizApp.Controllers.FillInTheBlankController.Question (QuizApp) in 104.0297ms
2025-09-29 23:24:07.349 +02:00 [INF] Executed endpoint 'QuizApp.Controllers.FillInTheBlankController.Question (QuizApp)'
2025-09-29 23:24:07.351 +02:00 [INF] Request finished HTTP/1.1 GET http://localhost:5155/FillInTheBlank/Question/1 - 200 null text/html; charset=utf-8 114.6179ms
2025-09-29 23:26:34.172 +02:00 [INF] Application is shutting down...
