2025-09-29 23:17:23.621 +02:00 [INF] User profile is available. Using '/home/mathias/.aspnet/DataProtection-Keys' as key repository; keys will not be encrypted at rest.
2025-09-29 23:17:23.676 +02:00 [INF] Now listening on: http://localhost:5155
2025-09-29 23:17:23.679 +02:00 [INF] Application started. Press Ctrl+C to shut down.
2025-09-29 23:17:23.680 +02:00 [INF] Hosting environment: Development
2025-09-29 23:17:23.680 +02:00 [INF] Content root path: /home/mathias/Documents/Programmering/QuizApp
2025-09-29 23:17:30.687 +02:00 [INF] Request starting HTTP/1.1 GET http://localhost:5155/ - null null
2025-09-29 23:17:30.699 +02:00 [INF] Executing endpoint 'QuizApp.Controllers.HomeController.Index (QuizApp)'
2025-09-29 23:17:30.705 +02:00 [INF] Route matched with {action = "Index", controller = "Home"}. Executing controller action with signature Microsoft.AspNetCore.Mvc.IActionResult Index() on controller QuizApp.Controllers.HomeController (QuizApp).
2025-09-29 23:17:30.708 +02:00 [INF] Executing ViewResult, running view Index.
2025-09-29 23:17:30.730 +02:00 [INF] Executed ViewResult - view Index executed in 21.4808ms.
2025-09-29 23:17:30.731 +02:00 [INF] Executed action QuizApp.Controllers.HomeController.Index (QuizApp) in 25.1839ms
2025-09-29 23:17:30.731 +02:00 [INF] Executed endpoint 'QuizApp.Controllers.HomeController.Index (QuizApp)'
2025-09-29 23:17:30.732 +02:00 [INF] Request finished HTTP/1.1 GET http://localhost:5155/ - 200 null text/html; charset=utf-8 45.8537ms
2025-09-29 23:17:32.219 +02:00 [INF] Request starting HTTP/1.1 GET http://localhost:5155/FillInTheBlank/Question/1 - null null
2025-09-29 23:17:32.221 +02:00 [INF] Executing endpoint 'QuizApp.Controllers.FillInTheBlankController.Question (QuizApp)'
2025-09-29 23:17:32.226 +02:00 [INF] Route matched with {action = "Question", controller = "FillInTheBlank"}. Executing controller action with signature System.Threading.Tasks.Task`1[Microsoft.AspNetCore.Mvc.IActionResult] Question(Int32) on controller QuizApp.Controllers.FillInTheBlankController (QuizApp).
2025-09-29 23:17:32.314 +02:00 [INF] Executing ViewResult, running view Question.
2025-09-29 23:17:32.316 +02:00 [INF] Executed ViewResult - view Question executed in 2.7474ms.
2025-09-29 23:17:32.316 +02:00 [INF] Executed action QuizApp.Controllers.FillInTheBlankController.Question (QuizApp) in 89.9954ms
2025-09-29 23:17:32.316 +02:00 [INF] Executed endpoint 'QuizApp.Controllers.FillInTheBlankController.Question (QuizApp)'
2025-09-29 23:17:32.318 +02:00 [INF] Request finished HTTP/1.1 GET http://localhost:5155/FillInTheBlank/Question/1 - 200 null text/html; charset=utf-8 99.7364ms
2025-09-29 23:18:10.481 +02:00 [INF] Request starting HTTP/1.1 GET http://localhost:5155/FillInTheBlank/Question/1 - null null
2025-09-29 23:18:10.482 +02:00 [INF] Executing endpoint 'QuizApp.Controllers.FillInTheBlankController.Question (QuizApp)'
2025-09-29 23:18:10.482 +02:00 [INF] Route matched with {action = "Question", controller = "FillInTheBlank"}. Executing controller action with signature System.Threading.Tasks.Task`1[Microsoft.AspNetCore.Mvc.IActionResult] Question(Int32) on controller QuizApp.Controllers.FillInTheBlankController (QuizApp).
2025-09-29 23:18:10.511 +02:00 [INF] Executing ViewResult, running view Question.
2025-09-29 23:18:10.512 +02:00 [INF] Executed ViewResult - view Question executed in 0.6395ms.
2025-09-29 23:18:10.512 +02:00 [INF] Executed action QuizApp.Controllers.FillInTheBlankController.Question (QuizApp) in 29.4165ms
2025-09-29 23:18:10.512 +02:00 [INF] Executed endpoint 'QuizApp.Controllers.FillInTheBlankController.Question (QuizApp)'
2025-09-29 23:18:10.512 +02:00 [INF] Request finished HTTP/1.1 GET http://localhost:5155/FillInTheBlank/Question/1 - 200 null text/html; charset=utf-8 31.2087ms
2025-09-29 23:19:15.186 +02:00 [INF] Application is shutting down...
