2025-09-29 18:53:34.009 +02:00 [INF] User profile is available. Using '/home/mathias/.aspnet/DataProtection-Keys' as key repository; keys will not be encrypted at rest.
2025-09-29 18:53:34.054 +02:00 [INF] Now listening on: http://localhost:5155
2025-09-29 18:53:34.056 +02:00 [INF] Application started. Press Ctrl+C to shut down.
2025-09-29 18:53:34.056 +02:00 [INF] Hosting environment: Development
2025-09-29 18:53:34.057 +02:00 [INF] Content root path: /home/mathias/Documents/Programmering/QuizApp
2025-09-29 18:53:34.811 +02:00 [INF] Request starting HTTP/1.1 GET http://localhost:5155/FillInTheBlank/Question/1 - null null
2025-09-29 18:53:34.824 +02:00 [INF] Executing endpoint 'QuizApp.Controllers.FillInTheBlankController.Question (QuizApp)'
2025-09-29 18:53:34.834 +02:00 [INF] Route matched with {action = "Question", controller = "FillInTheBlank"}. Executing controller action with signature System.Threading.Tasks.Task`1[Microsoft.AspNetCore.Mvc.IActionResult] Question(Int32) on controller QuizApp.Controllers.FillInTheBlankController (QuizApp).
2025-09-29 18:53:34.922 +02:00 [INF] Executing ViewResult, running view Question.
2025-09-29 18:53:34.974 +02:00 [INF] Executed ViewResult - view Question executed in 51.4917ms.
2025-09-29 18:53:34.974 +02:00 [INF] Executed action QuizApp.Controllers.FillInTheBlankController.Question (QuizApp) in 140.6183ms
2025-09-29 18:53:34.975 +02:00 [INF] Executed endpoint 'QuizApp.Controllers.FillInTheBlankController.Question (QuizApp)'
2025-09-29 18:53:34.977 +02:00 [INF] Request finished HTTP/1.1 GET http://localhost:5155/FillInTheBlank/Question/1 - 200 null text/html; charset=utf-8 167.3857ms
2025-09-29 18:53:35.851 +02:00 [INF] Request starting HTTP/1.1 GET http://localhost:5155/FillInTheBlank/Question/1 - null null
2025-09-29 18:53:35.852 +02:00 [INF] Executing endpoint 'QuizApp.Controllers.FillInTheBlankController.Question (QuizApp)'
2025-09-29 18:53:35.852 +02:00 [INF] Route matched with {action = "Question", controller = "FillInTheBlank"}. Executing controller action with signature System.Threading.Tasks.Task`1[Microsoft.AspNetCore.Mvc.IActionResult] Question(Int32) on controller QuizApp.Controllers.FillInTheBlankController (QuizApp).
2025-09-29 18:53:35.882 +02:00 [INF] Executing ViewResult, running view Question.
2025-09-29 18:53:35.884 +02:00 [INF] Executed ViewResult - view Question executed in 2.4773ms.
2025-09-29 18:53:35.884 +02:00 [INF] Executed action QuizApp.Controllers.FillInTheBlankController.Question (QuizApp) in 32.4459ms
2025-09-29 18:53:35.884 +02:00 [INF] Executed endpoint 'QuizApp.Controllers.FillInTheBlankController.Question (QuizApp)'
2025-09-29 18:53:35.884 +02:00 [INF] Request finished HTTP/1.1 GET http://localhost:5155/FillInTheBlank/Question/1 - 200 null text/html; charset=utf-8 33.7507ms
2025-09-29 18:53:38.927 +02:00 [INF] Request starting HTTP/1.1 POST http://localhost:5155/FillInTheBlank/Question/1 - application/x-www-form-urlencoded 203
2025-09-29 18:53:38.928 +02:00 [INF] Executing endpoint 'QuizApp.Controllers.FillInTheBlankController.Question (QuizApp)'
2025-09-29 18:53:38.931 +02:00 [INF] Route matched with {action = "Question", controller = "FillInTheBlank"}. Executing controller action with signature System.Threading.Tasks.Task`1[Microsoft.AspNetCore.Mvc.IActionResult] Question(QuizApp.ViewModels.FillInTheBlankViewModel) on controller QuizApp.Controllers.FillInTheBlankController (QuizApp).
2025-09-29 18:53:38.941 +02:00 [ERR] hER
2025-09-29 18:53:38.941 +02:00 [INF] Executing ViewResult, running view Question.
2025-09-29 18:53:38.942 +02:00 [INF] Executed ViewResult - view Question executed in 1.229ms.
2025-09-29 18:53:38.942 +02:00 [INF] Executed action QuizApp.Controllers.FillInTheBlankController.Question (QuizApp) in 10.8881ms
2025-09-29 18:53:38.942 +02:00 [INF] Executed endpoint 'QuizApp.Controllers.FillInTheBlankController.Question (QuizApp)'
2025-09-29 18:53:38.942 +02:00 [INF] Request finished HTTP/1.1 POST http://localhost:5155/FillInTheBlank/Question/1 - 200 null text/html; charset=utf-8 15.7272ms
2025-09-29 18:53:38.976 +02:00 [INF] Request starting HTTP/1.1 GET http://localhost:5155/favicon.ico - null null
2025-09-29 18:53:38.978 +02:00 [INF] Request finished HTTP/1.1 GET http://localhost:5155/favicon.ico - 404 0 null 2.3952ms
2025-09-29 18:53:38.979 +02:00 [INF] Request reached the end of the middleware pipeline without being handled by application code. Request path: GET http://localhost:5155/favicon.ico, Response status code: 404
2025-09-29 18:54:14.735 +02:00 [INF] Application is shutting down...
