2025-09-29 18:34:35.047 +02:00 [INF] User profile is available. Using '/home/mathias/.aspnet/DataProtection-Keys' as key repository; keys will not be encrypted at rest.
2025-09-29 18:34:35.092 +02:00 [INF] Now listening on: http://localhost:5155
2025-09-29 18:34:35.094 +02:00 [INF] Application started. Press Ctrl+C to shut down.
2025-09-29 18:34:35.095 +02:00 [INF] Hosting environment: Development
2025-09-29 18:34:35.095 +02:00 [INF] Content root path: /home/mathias/Documents/Programmering/QuizApp
2025-09-29 18:34:39.962 +02:00 [INF] Request starting HTTP/1.1 GET http://localhost:5155/ - null null
2025-09-29 18:34:39.973 +02:00 [INF] Executing endpoint 'QuizApp.Controllers.HomeController.Index (QuizApp)'
2025-09-29 18:34:39.978 +02:00 [INF] Route matched with {action = "Index", controller = "Home"}. Executing controller action with signature Microsoft.AspNetCore.Mvc.IActionResult Index() on controller QuizApp.Controllers.HomeController (QuizApp).
2025-09-29 18:34:39.981 +02:00 [INF] Executing ViewResult, running view Index.
2025-09-29 18:34:40.003 +02:00 [INF] Executed ViewResult - view Index executed in 21.3967ms.
2025-09-29 18:34:40.004 +02:00 [INF] Executed action QuizApp.Controllers.HomeController.Index (QuizApp) in 25.4551ms
2025-09-29 18:34:40.004 +02:00 [INF] Executed endpoint 'QuizApp.Controllers.HomeController.Index (QuizApp)'
2025-09-29 18:34:40.006 +02:00 [INF] Request finished HTTP/1.1 GET http://localhost:5155/ - 200 null text/html; charset=utf-8 44.9194ms
2025-09-29 18:34:40.989 +02:00 [INF] Request starting HTTP/1.1 GET http://localhost:5155/FillInTheBlank/Question/1 - null null
2025-09-29 18:34:40.991 +02:00 [INF] Executing endpoint 'QuizApp.Controllers.FillInTheBlankController.Question (QuizApp)'
2025-09-29 18:34:40.996 +02:00 [INF] Route matched with {action = "Question", controller = "FillInTheBlank"}. Executing controller action with signature System.Threading.Tasks.Task`1[Microsoft.AspNetCore.Mvc.IActionResult] Question(Int32) on controller QuizApp.Controllers.FillInTheBlankController (QuizApp).
2025-09-29 18:34:41.083 +02:00 [INF] Executing ViewResult, running view Question.
2025-09-29 18:34:41.117 +02:00 [INF] Executed ViewResult - view Question executed in 34.0285ms.
2025-09-29 18:34:41.117 +02:00 [INF] Executed action QuizApp.Controllers.FillInTheBlankController.Question (QuizApp) in 120.7208ms
2025-09-29 18:34:41.117 +02:00 [INF] Executed endpoint 'QuizApp.Controllers.FillInTheBlankController.Question (QuizApp)'
2025-09-29 18:34:41.119 +02:00 [INF] Request finished HTTP/1.1 GET http://localhost:5155/FillInTheBlank/Question/1 - 200 null text/html; charset=utf-8 129.2828ms
2025-09-29 18:34:44.657 +02:00 [INF] Request starting HTTP/1.1 POST http://localhost:5155/FillInTheBlank/Question/1 - application/x-www-form-urlencoded 203
2025-09-29 18:34:44.659 +02:00 [INF] Executing endpoint 'QuizApp.Controllers.FillInTheBlankController.Question (QuizApp)'
2025-09-29 18:34:44.662 +02:00 [INF] Route matched with {action = "Question", controller = "FillInTheBlank"}. Executing controller action with signature System.Threading.Tasks.Task`1[Microsoft.AspNetCore.Mvc.IActionResult] Question(QuizApp.ViewModels.FillInTheBlankViewModel) on controller QuizApp.Controllers.FillInTheBlankController (QuizApp).
2025-09-29 18:34:44.698 +02:00 [INF] Executing ViewResult, running view Question.
2025-09-29 18:34:44.699 +02:00 [INF] Executed ViewResult - view Question executed in 1.3265ms.
2025-09-29 18:34:44.699 +02:00 [INF] Executed action QuizApp.Controllers.FillInTheBlankController.Question (QuizApp) in 36.7157ms
2025-09-29 18:34:44.699 +02:00 [INF] Executed endpoint 'QuizApp.Controllers.FillInTheBlankController.Question (QuizApp)'
2025-09-29 18:34:44.699 +02:00 [INF] Request finished HTTP/1.1 POST http://localhost:5155/FillInTheBlank/Question/1 - 200 null text/html; charset=utf-8 42.2188ms
2025-09-29 18:34:47.330 +02:00 [INF] Request starting HTTP/1.1 POST http://localhost:5155/FillInTheBlank/Question/1 - application/x-www-form-urlencoded 203
2025-09-29 18:34:47.330 +02:00 [INF] Executing endpoint 'QuizApp.Controllers.FillInTheBlankController.Question (QuizApp)'
2025-09-29 18:34:47.331 +02:00 [INF] Route matched with {action = "Question", controller = "FillInTheBlank"}. Executing controller action with signature System.Threading.Tasks.Task`1[Microsoft.AspNetCore.Mvc.IActionResult] Question(QuizApp.ViewModels.FillInTheBlankViewModel) on controller QuizApp.Controllers.FillInTheBlankController (QuizApp).
2025-09-29 18:34:47.333 +02:00 [INF] Executing ViewResult, running view Question.
2025-09-29 18:34:47.334 +02:00 [INF] Executed ViewResult - view Question executed in 1.0155ms.
2025-09-29 18:34:47.334 +02:00 [INF] Executed action QuizApp.Controllers.FillInTheBlankController.Question (QuizApp) in 3.7656ms
2025-09-29 18:34:47.334 +02:00 [INF] Executed endpoint 'QuizApp.Controllers.FillInTheBlankController.Question (QuizApp)'
2025-09-29 18:34:47.334 +02:00 [INF] Request finished HTTP/1.1 POST http://localhost:5155/FillInTheBlank/Question/1 - 200 null text/html; charset=utf-8 4.3957ms
2025-09-29 18:34:47.358 +02:00 [INF] Request starting HTTP/1.1 GET http://localhost:5155/favicon.ico - null null
2025-09-29 18:34:47.361 +02:00 [INF] Request finished HTTP/1.1 GET http://localhost:5155/favicon.ico - 404 0 null 2.3891ms
2025-09-29 18:34:47.361 +02:00 [INF] Request reached the end of the middleware pipeline without being handled by application code. Request path: GET http://localhost:5155/favicon.ico, Response status code: 404
2025-09-29 18:34:47.947 +02:00 [INF] Request starting HTTP/1.1 POST http://localhost:5155/FillInTheBlank/Question/1 - application/x-www-form-urlencoded 203
2025-09-29 18:34:47.947 +02:00 [INF] Executing endpoint 'QuizApp.Controllers.FillInTheBlankController.Question (QuizApp)'
2025-09-29 18:34:47.947 +02:00 [INF] Route matched with {action = "Question", controller = "FillInTheBlank"}. Executing controller action with signature System.Threading.Tasks.Task`1[Microsoft.AspNetCore.Mvc.IActionResult] Question(QuizApp.ViewModels.FillInTheBlankViewModel) on controller QuizApp.Controllers.FillInTheBlankController (QuizApp).
2025-09-29 18:34:47.948 +02:00 [INF] Executing ViewResult, running view Question.
2025-09-29 18:34:47.949 +02:00 [INF] Executed ViewResult - view Question executed in 0.9032ms.
2025-09-29 18:34:47.949 +02:00 [INF] Executed action QuizApp.Controllers.FillInTheBlankController.Question (QuizApp) in 2.0479ms
2025-09-29 18:34:47.949 +02:00 [INF] Executed endpoint 'QuizApp.Controllers.FillInTheBlankController.Question (QuizApp)'
2025-09-29 18:34:47.949 +02:00 [INF] Request finished HTTP/1.1 POST http://localhost:5155/FillInTheBlank/Question/1 - 200 null text/html; charset=utf-8 2.5626ms
2025-09-29 18:42:59.825 +02:00 [INF] Application is shutting down...
