2025-09-29 20:21:12.771 +02:00 [INF] User profile is available. Using '/home/mathias/.aspnet/DataProtection-Keys' as key repository; keys will not be encrypted at rest.
2025-09-29 20:21:12.820 +02:00 [INF] Now listening on: http://localhost:5155
2025-09-29 20:21:12.822 +02:00 [INF] Application started. Press Ctrl+C to shut down.
2025-09-29 20:21:12.822 +02:00 [INF] Hosting environment: Development
2025-09-29 20:21:12.822 +02:00 [INF] Content root path: /home/mathias/Documents/Programmering/QuizApp
2025-09-29 20:21:14.663 +02:00 [INF] Request starting HTTP/1.1 GET http://localhost:5155/ - null null
2025-09-29 20:21:14.675 +02:00 [INF] Executing endpoint 'QuizApp.Controllers.HomeController.Index (QuizApp)'
2025-09-29 20:21:14.680 +02:00 [INF] Route matched with {action = "Index", controller = "Home"}. Executing controller action with signature Microsoft.AspNetCore.Mvc.IActionResult Index() on controller QuizApp.Controllers.HomeController (QuizApp).
2025-09-29 20:21:14.683 +02:00 [INF] Executing ViewResult, running view Index.
2025-09-29 20:21:14.707 +02:00 [INF] Executed ViewResult - view Index executed in 24.1286ms.
2025-09-29 20:21:14.708 +02:00 [INF] Executed action QuizApp.Controllers.HomeController.Index (QuizApp) in 27.7807ms
2025-09-29 20:21:14.708 +02:00 [INF] Executed endpoint 'QuizApp.Controllers.HomeController.Index (QuizApp)'
2025-09-29 20:21:14.709 +02:00 [INF] Request finished HTTP/1.1 GET http://localhost:5155/ - 200 null text/html; charset=utf-8 46.5796ms
2025-09-29 20:21:14.728 +02:00 [INF] Request starting HTTP/1.1 GET http://localhost:5155/js/jquery.min.js - null null
2025-09-29 20:21:14.728 +02:00 [INF] Request starting HTTP/1.1 GET http://localhost:5155/js/bootstrap.js - null null
2025-09-29 20:21:14.732 +02:00 [INF] The file /js/jquery.min.js was not modified
2025-09-29 20:21:14.732 +02:00 [INF] The file /js/bootstrap.js was not modified
2025-09-29 20:21:14.732 +02:00 [INF] Request finished HTTP/1.1 GET http://localhost:5155/js/bootstrap.js - 304 null text/javascript 3.4859ms
2025-09-29 20:21:14.732 +02:00 [INF] Request finished HTTP/1.1 GET http://localhost:5155/js/jquery.min.js - 304 null text/javascript 3.6755ms
2025-09-29 20:21:15.747 +02:00 [INF] Request starting HTTP/1.1 GET http://localhost:5155/FillInTheBlank/Question/1 - null null
2025-09-29 20:21:15.748 +02:00 [INF] Executing endpoint 'QuizApp.Controllers.FillInTheBlankController.Question (QuizApp)'
2025-09-29 20:21:15.753 +02:00 [INF] Route matched with {action = "Question", controller = "FillInTheBlank"}. Executing controller action with signature System.Threading.Tasks.Task`1[Microsoft.AspNetCore.Mvc.IActionResult] Question(Int32) on controller QuizApp.Controllers.FillInTheBlankController (QuizApp).
2025-09-29 20:21:15.838 +02:00 [INF] Executing ViewResult, running view Question.
2025-09-29 20:21:15.872 +02:00 [INF] Executed ViewResult - view Question executed in 34.1973ms.
2025-09-29 20:21:15.872 +02:00 [INF] Executed action QuizApp.Controllers.FillInTheBlankController.Question (QuizApp) in 118.6184ms
2025-09-29 20:21:15.872 +02:00 [INF] Executed endpoint 'QuizApp.Controllers.FillInTheBlankController.Question (QuizApp)'
2025-09-29 20:21:15.874 +02:00 [INF] Request finished HTTP/1.1 GET http://localhost:5155/FillInTheBlank/Question/1 - 200 null text/html; charset=utf-8 127.2696ms
2025-09-29 20:21:15.897 +02:00 [INF] Request starting HTTP/1.1 GET http://localhost:5155/favicon.ico - null null
2025-09-29 20:21:15.900 +02:00 [INF] Request finished HTTP/1.1 GET http://localhost:5155/favicon.ico - 404 0 null 2.5489ms
2025-09-29 20:21:15.901 +02:00 [INF] Request reached the end of the middleware pipeline without being handled by application code. Request path: GET http://localhost:5155/favicon.ico, Response status code: 404
2025-09-29 20:21:18.945 +02:00 [INF] Request starting HTTP/1.1 POST http://localhost:5155/FillInTheBlank/Question/1 - application/x-www-form-urlencoded 245
2025-09-29 20:21:18.945 +02:00 [INF] Executing endpoint 'QuizApp.Controllers.FillInTheBlankController.Question (QuizApp)'
2025-09-29 20:21:18.949 +02:00 [INF] Route matched with {action = "Question", controller = "FillInTheBlank"}. Executing controller action with signature System.Threading.Tasks.Task`1[Microsoft.AspNetCore.Mvc.IActionResult] Question(QuizApp.ViewModels.FillInTheBlankViewModel) on controller QuizApp.Controllers.FillInTheBlankController (QuizApp).
2025-09-29 20:21:18.985 +02:00 [INF] Executing ViewResult, running view Question.
2025-09-29 20:21:18.987 +02:00 [INF] Executed ViewResult - view Question executed in 1.8074ms.
2025-09-29 20:21:18.987 +02:00 [INF] Executed action QuizApp.Controllers.FillInTheBlankController.Question (QuizApp) in 37.2862ms
2025-09-29 20:21:18.987 +02:00 [INF] Executed endpoint 'QuizApp.Controllers.FillInTheBlankController.Question (QuizApp)'
2025-09-29 20:21:18.987 +02:00 [INF] Request finished HTTP/1.1 POST http://localhost:5155/FillInTheBlank/Question/1 - 200 null text/html; charset=utf-8 41.9938ms
2025-09-29 20:22:36.794 +02:00 [INF] Application is shutting down...
