2025-09-29 23:19:19.724 +02:00 [INF] User profile is available. Using '/home/mathias/.aspnet/DataProtection-Keys' as key repository; keys will not be encrypted at rest.
2025-09-29 23:19:19.780 +02:00 [INF] Now listening on: http://localhost:5155
2025-09-29 23:19:19.783 +02:00 [INF] Application started. Press Ctrl+C to shut down.
2025-09-29 23:19:19.784 +02:00 [INF] Hosting environment: Development
2025-09-29 23:19:19.784 +02:00 [INF] Content root path: /home/mathias/Documents/Programmering/QuizApp
2025-09-29 23:19:20.173 +02:00 [INF] Request starting HTTP/1.1 GET http://localhost:5155/ - null null
2025-09-29 23:19:20.188 +02:00 [INF] Executing endpoint 'QuizApp.Controllers.HomeController.Index (QuizApp)'
2025-09-29 23:19:20.195 +02:00 [INF] Route matched with {action = "Index", controller = "Home"}. Executing controller action with signature Microsoft.AspNetCore.Mvc.IActionResult Index() on controller QuizApp.Controllers.HomeController (QuizApp).
2025-09-29 23:19:20.200 +02:00 [INF] Executing ViewResult, running view Index.
2025-09-29 23:19:20.228 +02:00 [INF] Executed ViewResult - view Index executed in 27.9968ms.
2025-09-29 23:19:20.229 +02:00 [INF] Executed action QuizApp.Controllers.HomeController.Index (QuizApp) in 33.0105ms
2025-09-29 23:19:20.229 +02:00 [INF] Executed endpoint 'QuizApp.Controllers.HomeController.Index (QuizApp)'
2025-09-29 23:19:20.231 +02:00 [INF] Request finished HTTP/1.1 GET http://localhost:5155/ - 200 null text/html; charset=utf-8 59.6526ms
2025-09-29 23:19:21.863 +02:00 [INF] Request starting HTTP/1.1 GET http://localhost:5155/FillInTheBlank/Question/1 - null null
2025-09-29 23:19:21.865 +02:00 [INF] Executing endpoint 'QuizApp.Controllers.FillInTheBlankController.Question (QuizApp)'
2025-09-29 23:19:21.871 +02:00 [INF] Route matched with {action = "Question", controller = "FillInTheBlank"}. Executing controller action with signature System.Threading.Tasks.Task`1[Microsoft.AspNetCore.Mvc.IActionResult] Question(Int32) on controller QuizApp.Controllers.FillInTheBlankController (QuizApp).
2025-09-29 23:19:21.955 +02:00 [INF] Executing ViewResult, running view Question.
2025-09-29 23:19:21.972 +02:00 [INF] Executed ViewResult - view Question executed in 17.6555ms.
2025-09-29 23:19:21.973 +02:00 [INF] Executed action QuizApp.Controllers.FillInTheBlankController.Question (QuizApp) in 101.2076ms
2025-09-29 23:19:21.973 +02:00 [INF] Executed endpoint 'QuizApp.Controllers.FillInTheBlankController.Question (QuizApp)'
2025-09-29 23:19:21.974 +02:00 [INF] Request finished HTTP/1.1 GET http://localhost:5155/FillInTheBlank/Question/1 - 200 null text/html; charset=utf-8 111.4534ms
2025-09-29 23:19:45.879 +02:00 [INF] Application is shutting down...
