2025-09-29 17:00:14.428 +02:00 [INF] User profile is available. Using '/home/mathias/.aspnet/DataProtection-Keys' as key repository; keys will not be encrypted at rest.
2025-09-29 17:00:14.475 +02:00 [INF] Now listening on: http://localhost:5155
2025-09-29 17:00:14.477 +02:00 [INF] Application started. Press Ctrl+C to shut down.
2025-09-29 17:00:14.477 +02:00 [INF] Hosting environment: Development
2025-09-29 17:00:14.477 +02:00 [INF] Content root path: /home/mathias/Documents/Programmering/QuizApp
2025-09-29 17:00:15.225 +02:00 [INF] Request starting HTTP/1.1 GET http://localhost:5155/ - null null
2025-09-29 17:00:15.238 +02:00 [INF] Executing endpoint 'QuizApp.Controllers.HomeController.Index (QuizApp)'
2025-09-29 17:00:15.248 +02:00 [INF] Route matched with {action = "Index", controller = "Home"}. Executing controller action with signature Microsoft.AspNetCore.Mvc.IActionResult Index() on controller QuizApp.Controllers.HomeController (QuizApp).
2025-09-29 17:00:15.252 +02:00 [INF] Executing ViewResult, running view Index.
2025-09-29 17:00:15.274 +02:00 [INF] Executed ViewResult - view Index executed in 22.994ms.
2025-09-29 17:00:15.276 +02:00 [INF] Executed action QuizApp.Controllers.HomeController.Index (QuizApp) in 27.2978ms
2025-09-29 17:00:15.276 +02:00 [INF] Executed endpoint 'QuizApp.Controllers.HomeController.Index (QuizApp)'
2025-09-29 17:00:15.278 +02:00 [INF] Request finished HTTP/1.1 GET http://localhost:5155/ - 200 null text/html; charset=utf-8 53.2607ms
2025-09-29 17:00:17.346 +02:00 [INF] Request starting HTTP/1.1 GET http://localhost:5155/FillInTheBlank/Question/1 - null null
2025-09-29 17:00:17.347 +02:00 [INF] Executing endpoint 'QuizApp.Controllers.FillInTheBlankController.Question (QuizApp)'
2025-09-29 17:00:17.353 +02:00 [INF] Route matched with {action = "Question", controller = "FillInTheBlank"}. Executing controller action with signature System.Threading.Tasks.Task`1[Microsoft.AspNetCore.Mvc.IActionResult] Question(Int32) on controller QuizApp.Controllers.FillInTheBlankController (QuizApp).
2025-09-29 17:00:17.738 +02:00 [ERR] Failed executing DbCommand (4ms) [Parameters=[@__p_0='?' (DbType = Int32)], CommandType='"Text"', CommandTimeout='30']
SELECT "f"."FillInTheBlankId", "f"."Answer", "f"."Question"
FROM "FillInTheBlankQuestions" AS "f"
WHERE "f"."FillInTheBlankId" = @__p_0
LIMIT 1
2025-09-29 17:00:17.750 +02:00 [ERR] An exception occurred while iterating over the results of a query for context type 'QuizApp.DAL.QuizDbContext'.
Microsoft.Data.Sqlite.SqliteException (0x80004005): SQLite Error 1: 'no such table: FillInTheBlankQuestions'.
   at Microsoft.Data.Sqlite.SqliteException.ThrowExceptionForRC(Int32 rc, sqlite3 db)
   at Microsoft.Data.Sqlite.SqliteCommand.PrepareAndEnumerateStatements()+MoveNext()
   at Microsoft.Data.Sqlite.SqliteCommand.GetStatements()+MoveNext()
   at Microsoft.Data.Sqlite.SqliteDataReader.NextResult()
   at Microsoft.Data.Sqlite.SqliteCommand.ExecuteReader(CommandBehavior behavior)
   at Microsoft.Data.Sqlite.SqliteCommand.ExecuteReaderAsync(CommandBehavior behavior, CancellationToken cancellationToken)
   at Microsoft.Data.Sqlite.SqliteCommand.ExecuteDbDataReaderAsync(CommandBehavior behavior, CancellationToken cancellationToken)
   at Microsoft.EntityFrameworkCore.Storage.RelationalCommand.ExecuteReaderAsync(RelationalCommandParameterObject parameterObject, CancellationToken cancellationToken)
   at Microsoft.EntityFrameworkCore.Storage.RelationalCommand.ExecuteReaderAsync(RelationalCommandParameterObject parameterObject, CancellationToken cancellationToken)
   at Microsoft.EntityFrameworkCore.Query.Internal.SingleQueryingEnumerable`1.AsyncEnumerator.InitializeReaderAsync(AsyncEnumerator enumerator, CancellationToken cancellationToken)
   at Microsoft.EntityFrameworkCore.Query.Internal.SingleQueryingEnumerable`1.AsyncEnumerator.MoveNextAsync()
Microsoft.Data.Sqlite.SqliteException (0x80004005): SQLite Error 1: 'no such table: FillInTheBlankQuestions'.
   at Microsoft.Data.Sqlite.SqliteException.ThrowExceptionForRC(Int32 rc, sqlite3 db)
   at Microsoft.Data.Sqlite.SqliteCommand.PrepareAndEnumerateStatements()+MoveNext()
   at Microsoft.Data.Sqlite.SqliteCommand.GetStatements()+MoveNext()
   at Microsoft.Data.Sqlite.SqliteDataReader.NextResult()
   at Microsoft.Data.Sqlite.SqliteCommand.ExecuteReader(CommandBehavior behavior)
   at Microsoft.Data.Sqlite.SqliteCommand.ExecuteReaderAsync(CommandBehavior behavior, CancellationToken cancellationToken)
   at Microsoft.Data.Sqlite.SqliteCommand.ExecuteDbDataReaderAsync(CommandBehavior behavior, CancellationToken cancellationToken)
   at Microsoft.EntityFrameworkCore.Storage.RelationalCommand.ExecuteReaderAsync(RelationalCommandParameterObject parameterObject, CancellationToken cancellationToken)
   at Microsoft.EntityFrameworkCore.Storage.RelationalCommand.ExecuteReaderAsync(RelationalCommandParameterObject parameterObject, CancellationToken cancellationToken)
   at Microsoft.EntityFrameworkCore.Query.Internal.SingleQueryingEnumerable`1.AsyncEnumerator.InitializeReaderAsync(AsyncEnumerator enumerator, CancellationToken cancellationToken)
   at Microsoft.EntityFrameworkCore.Query.Internal.SingleQueryingEnumerable`1.AsyncEnumerator.MoveNextAsync()
2025-09-29 17:00:17.750 +02:00 [ERR] [FillInTheBlankRepository] FillInTheBlank FindAsync(id) failed whtn GetQuestionById) for FillInTheBlankId 0001, error message: SQLite Error 1: 'no such table: FillInTheBlankQuestions'.
2025-09-29 17:00:17.751 +02:00 [ERR] [FillInTheBlankController] FillInTheBlank question not found for the FillInTheBlankId  0001
2025-09-29 17:00:17.757 +02:00 [INF] Executing NotFoundObjectResult, writing value of type 'System.String'.
2025-09-29 17:00:17.758 +02:00 [INF] Executed action QuizApp.Controllers.FillInTheBlankController.Question (QuizApp) in 404.9226ms
2025-09-29 17:00:17.758 +02:00 [INF] Executed endpoint 'QuizApp.Controllers.FillInTheBlankController.Question (QuizApp)'
2025-09-29 17:00:17.761 +02:00 [INF] Request finished HTTP/1.1 GET http://localhost:5155/FillInTheBlank/Question/1 - 404 null text/plain; charset=utf-8 414.8482ms
2025-09-29 17:00:20.460 +02:00 [INF] Request starting HTTP/1.1 GET http://localhost:5155/FillInTheBlank/Question/1 - null null
2025-09-29 17:00:20.461 +02:00 [INF] Executing endpoint 'QuizApp.Controllers.FillInTheBlankController.Question (QuizApp)'
2025-09-29 17:00:20.461 +02:00 [INF] Route matched with {action = "Question", controller = "FillInTheBlank"}. Executing controller action with signature System.Threading.Tasks.Task`1[Microsoft.AspNetCore.Mvc.IActionResult] Question(Int32) on controller QuizApp.Controllers.FillInTheBlankController (QuizApp).
2025-09-29 17:00:20.475 +02:00 [ERR] Failed executing DbCommand (0ms) [Parameters=[@__p_0='?' (DbType = Int32)], CommandType='"Text"', CommandTimeout='30']
SELECT "f"."FillInTheBlankId", "f"."Answer", "f"."Question"
FROM "FillInTheBlankQuestions" AS "f"
WHERE "f"."FillInTheBlankId" = @__p_0
LIMIT 1
2025-09-29 17:00:20.476 +02:00 [ERR] An exception occurred while iterating over the results of a query for context type 'QuizApp.DAL.QuizDbContext'.
Microsoft.Data.Sqlite.SqliteException (0x80004005): SQLite Error 1: 'no such table: FillInTheBlankQuestions'.
   at Microsoft.Data.Sqlite.SqliteException.ThrowExceptionForRC(Int32 rc, sqlite3 db)
   at Microsoft.Data.Sqlite.SqliteCommand.PrepareAndEnumerateStatements()+MoveNext()
   at Microsoft.Data.Sqlite.SqliteCommand.GetStatements()+MoveNext()
   at Microsoft.Data.Sqlite.SqliteDataReader.NextResult()
   at Microsoft.Data.Sqlite.SqliteCommand.ExecuteReader(CommandBehavior behavior)
   at Microsoft.Data.Sqlite.SqliteCommand.ExecuteReaderAsync(CommandBehavior behavior, CancellationToken cancellationToken)
   at Microsoft.Data.Sqlite.SqliteCommand.ExecuteDbDataReaderAsync(CommandBehavior behavior, CancellationToken cancellationToken)
   at Microsoft.EntityFrameworkCore.Storage.RelationalCommand.ExecuteReaderAsync(RelationalCommandParameterObject parameterObject, CancellationToken cancellationToken)
   at Microsoft.EntityFrameworkCore.Storage.RelationalCommand.ExecuteReaderAsync(RelationalCommandParameterObject parameterObject, CancellationToken cancellationToken)
   at Microsoft.EntityFrameworkCore.Query.Internal.SingleQueryingEnumerable`1.AsyncEnumerator.InitializeReaderAsync(AsyncEnumerator enumerator, CancellationToken cancellationToken)
   at Microsoft.EntityFrameworkCore.Query.Internal.SingleQueryingEnumerable`1.AsyncEnumerator.MoveNextAsync()
Microsoft.Data.Sqlite.SqliteException (0x80004005): SQLite Error 1: 'no such table: FillInTheBlankQuestions'.
   at Microsoft.Data.Sqlite.SqliteException.ThrowExceptionForRC(Int32 rc, sqlite3 db)
   at Microsoft.Data.Sqlite.SqliteCommand.PrepareAndEnumerateStatements()+MoveNext()
   at Microsoft.Data.Sqlite.SqliteCommand.GetStatements()+MoveNext()
   at Microsoft.Data.Sqlite.SqliteDataReader.NextResult()
   at Microsoft.Data.Sqlite.SqliteCommand.ExecuteReader(CommandBehavior behavior)
   at Microsoft.Data.Sqlite.SqliteCommand.ExecuteReaderAsync(CommandBehavior behavior, CancellationToken cancellationToken)
   at Microsoft.Data.Sqlite.SqliteCommand.ExecuteDbDataReaderAsync(CommandBehavior behavior, CancellationToken cancellationToken)
   at Microsoft.EntityFrameworkCore.Storage.RelationalCommand.ExecuteReaderAsync(RelationalCommandParameterObject parameterObject, CancellationToken cancellationToken)
   at Microsoft.EntityFrameworkCore.Storage.RelationalCommand.ExecuteReaderAsync(RelationalCommandParameterObject parameterObject, CancellationToken cancellationToken)
   at Microsoft.EntityFrameworkCore.Query.Internal.SingleQueryingEnumerable`1.AsyncEnumerator.InitializeReaderAsync(AsyncEnumerator enumerator, CancellationToken cancellationToken)
   at Microsoft.EntityFrameworkCore.Query.Internal.SingleQueryingEnumerable`1.AsyncEnumerator.MoveNextAsync()
2025-09-29 17:00:20.476 +02:00 [ERR] [FillInTheBlankRepository] FillInTheBlank FindAsync(id) failed whtn GetQuestionById) for FillInTheBlankId 0001, error message: SQLite Error 1: 'no such table: FillInTheBlankQuestions'.
2025-09-29 17:00:20.476 +02:00 [ERR] [FillInTheBlankController] FillInTheBlank question not found for the FillInTheBlankId  0001
2025-09-29 17:00:20.476 +02:00 [INF] Executing NotFoundObjectResult, writing value of type 'System.String'.
2025-09-29 17:00:20.476 +02:00 [INF] Executed action QuizApp.Controllers.FillInTheBlankController.Question (QuizApp) in 15.5197ms
2025-09-29 17:00:20.476 +02:00 [INF] Executed endpoint 'QuizApp.Controllers.FillInTheBlankController.Question (QuizApp)'
2025-09-29 17:00:20.476 +02:00 [INF] Request finished HTTP/1.1 GET http://localhost:5155/FillInTheBlank/Question/1 - 404 null text/plain; charset=utf-8 16.7517ms
2025-09-29 17:00:26.138 +02:00 [INF] Request starting HTTP/1.1 GET http://localhost:5155/FillInTheBlank/Question/1 - null null
2025-09-29 17:00:26.139 +02:00 [INF] Executing endpoint 'QuizApp.Controllers.FillInTheBlankController.Question (QuizApp)'
2025-09-29 17:00:26.139 +02:00 [INF] Route matched with {action = "Question", controller = "FillInTheBlank"}. Executing controller action with signature System.Threading.Tasks.Task`1[Microsoft.AspNetCore.Mvc.IActionResult] Question(Int32) on controller QuizApp.Controllers.FillInTheBlankController (QuizApp).
2025-09-29 17:00:26.166 +02:00 [ERR] Failed executing DbCommand (0ms) [Parameters=[@__p_0='?' (DbType = Int32)], CommandType='"Text"', CommandTimeout='30']
SELECT "f"."FillInTheBlankId", "f"."Answer", "f"."Question"
FROM "FillInTheBlankQuestions" AS "f"
WHERE "f"."FillInTheBlankId" = @__p_0
LIMIT 1
2025-09-29 17:00:26.167 +02:00 [ERR] An exception occurred while iterating over the results of a query for context type 'QuizApp.DAL.QuizDbContext'.
Microsoft.Data.Sqlite.SqliteException (0x80004005): SQLite Error 1: 'no such table: FillInTheBlankQuestions'.
   at Microsoft.Data.Sqlite.SqliteException.ThrowExceptionForRC(Int32 rc, sqlite3 db)
   at Microsoft.Data.Sqlite.SqliteCommand.PrepareAndEnumerateStatements()+MoveNext()
   at Microsoft.Data.Sqlite.SqliteCommand.GetStatements()+MoveNext()
   at Microsoft.Data.Sqlite.SqliteDataReader.NextResult()
   at Microsoft.Data.Sqlite.SqliteCommand.ExecuteReader(CommandBehavior behavior)
   at Microsoft.Data.Sqlite.SqliteCommand.ExecuteReaderAsync(CommandBehavior behavior, CancellationToken cancellationToken)
   at Microsoft.Data.Sqlite.SqliteCommand.ExecuteDbDataReaderAsync(CommandBehavior behavior, CancellationToken cancellationToken)
   at Microsoft.EntityFrameworkCore.Storage.RelationalCommand.ExecuteReaderAsync(RelationalCommandParameterObject parameterObject, CancellationToken cancellationToken)
   at Microsoft.EntityFrameworkCore.Storage.RelationalCommand.ExecuteReaderAsync(RelationalCommandParameterObject parameterObject, CancellationToken cancellationToken)
   at Microsoft.EntityFrameworkCore.Query.Internal.SingleQueryingEnumerable`1.AsyncEnumerator.InitializeReaderAsync(AsyncEnumerator enumerator, CancellationToken cancellationToken)
   at Microsoft.EntityFrameworkCore.Query.Internal.SingleQueryingEnumerable`1.AsyncEnumerator.MoveNextAsync()
Microsoft.Data.Sqlite.SqliteException (0x80004005): SQLite Error 1: 'no such table: FillInTheBlankQuestions'.
   at Microsoft.Data.Sqlite.SqliteException.ThrowExceptionForRC(Int32 rc, sqlite3 db)
   at Microsoft.Data.Sqlite.SqliteCommand.PrepareAndEnumerateStatements()+MoveNext()
   at Microsoft.Data.Sqlite.SqliteCommand.GetStatements()+MoveNext()
   at Microsoft.Data.Sqlite.SqliteDataReader.NextResult()
   at Microsoft.Data.Sqlite.SqliteCommand.ExecuteReader(CommandBehavior behavior)
   at Microsoft.Data.Sqlite.SqliteCommand.ExecuteReaderAsync(CommandBehavior behavior, CancellationToken cancellationToken)
   at Microsoft.Data.Sqlite.SqliteCommand.ExecuteDbDataReaderAsync(CommandBehavior behavior, CancellationToken cancellationToken)
   at Microsoft.EntityFrameworkCore.Storage.RelationalCommand.ExecuteReaderAsync(RelationalCommandParameterObject parameterObject, CancellationToken cancellationToken)
   at Microsoft.EntityFrameworkCore.Storage.RelationalCommand.ExecuteReaderAsync(RelationalCommandParameterObject parameterObject, CancellationToken cancellationToken)
   at Microsoft.EntityFrameworkCore.Query.Internal.SingleQueryingEnumerable`1.AsyncEnumerator.InitializeReaderAsync(AsyncEnumerator enumerator, CancellationToken cancellationToken)
   at Microsoft.EntityFrameworkCore.Query.Internal.SingleQueryingEnumerable`1.AsyncEnumerator.MoveNextAsync()
2025-09-29 17:00:26.167 +02:00 [ERR] [FillInTheBlankRepository] FillInTheBlank FindAsync(id) failed whtn GetQuestionById) for FillInTheBlankId 0001, error message: SQLite Error 1: 'no such table: FillInTheBlankQuestions'.
2025-09-29 17:00:26.168 +02:00 [ERR] [FillInTheBlankController] FillInTheBlank question not found for the FillInTheBlankId  0001
2025-09-29 17:00:26.168 +02:00 [INF] Executing NotFoundObjectResult, writing value of type 'System.String'.
2025-09-29 17:00:26.168 +02:00 [INF] Executed action QuizApp.Controllers.FillInTheBlankController.Question (QuizApp) in 28.7153ms
2025-09-29 17:00:26.168 +02:00 [INF] Executed endpoint 'QuizApp.Controllers.FillInTheBlankController.Question (QuizApp)'
2025-09-29 17:00:26.168 +02:00 [INF] Request finished HTTP/1.1 GET http://localhost:5155/FillInTheBlank/Question/1 - 404 null text/plain; charset=utf-8 29.3893ms
2025-09-29 17:01:23.804 +02:00 [INF] Application is shutting down...
