2025-09-29 17:05:28.100 +02:00 [INF] User profile is available. Using '/home/mathias/.aspnet/DataProtection-Keys' as key repository; keys will not be encrypted at rest.
2025-09-29 17:05:28.151 +02:00 [INF] Now listening on: http://localhost:5155
2025-09-29 17:05:28.153 +02:00 [INF] Application started. Press Ctrl+C to shut down.
2025-09-29 17:05:28.154 +02:00 [INF] Hosting environment: Development
2025-09-29 17:05:28.154 +02:00 [INF] Content root path: /home/mathias/Documents/Programmering/QuizApp
2025-09-29 17:05:29.220 +02:00 [INF] Request starting HTTP/1.1 GET http://localhost:5155/FillInTheBlank/Question/1 - null null
2025-09-29 17:05:29.234 +02:00 [INF] Executing endpoint 'QuizApp.Controllers.FillInTheBlankController.Question (QuizApp)'
2025-09-29 17:05:29.248 +02:00 [INF] Route matched with {action = "Question", controller = "FillInTheBlank"}. Executing controller action with signature System.Threading.Tasks.Task`1[Microsoft.AspNetCore.Mvc.IActionResult] Question(Int32) on controller QuizApp.Controllers.FillInTheBlankController (QuizApp).
2025-09-29 17:05:29.711 +02:00 [ERR] [FillInTheBlankController] FillInTheBlank question not found for the FillInTheBlankId  0001
2025-09-29 17:05:29.719 +02:00 [INF] Executing NotFoundObjectResult, writing value of type 'System.String'.
2025-09-29 17:05:29.722 +02:00 [INF] Executed action QuizApp.Controllers.FillInTheBlankController.Question (QuizApp) in 472.1265ms
2025-09-29 17:05:29.722 +02:00 [INF] Executed endpoint 'QuizApp.Controllers.FillInTheBlankController.Question (QuizApp)'
2025-09-29 17:05:29.725 +02:00 [INF] Request finished HTTP/1.1 GET http://localhost:5155/FillInTheBlank/Question/1 - 404 null text/plain; charset=utf-8 506.468ms
2025-09-29 17:05:31.122 +02:00 [INF] Request starting HTTP/1.1 GET http://localhost:5155/FillInTheBlank/Question/1 - null null
2025-09-29 17:05:31.123 +02:00 [INF] Executing endpoint 'QuizApp.Controllers.FillInTheBlankController.Question (QuizApp)'
2025-09-29 17:05:31.123 +02:00 [INF] Route matched with {action = "Question", controller = "FillInTheBlank"}. Executing controller action with signature System.Threading.Tasks.Task`1[Microsoft.AspNetCore.Mvc.IActionResult] Question(Int32) on controller QuizApp.Controllers.FillInTheBlankController (QuizApp).
2025-09-29 17:05:31.142 +02:00 [ERR] [FillInTheBlankController] FillInTheBlank question not found for the FillInTheBlankId  0001
2025-09-29 17:05:31.144 +02:00 [INF] Executing NotFoundObjectResult, writing value of type 'System.String'.
2025-09-29 17:05:31.144 +02:00 [INF] Executed action QuizApp.Controllers.FillInTheBlankController.Question (QuizApp) in 20.4548ms
2025-09-29 17:05:31.144 +02:00 [INF] Executed endpoint 'QuizApp.Controllers.FillInTheBlankController.Question (QuizApp)'
2025-09-29 17:05:31.144 +02:00 [INF] Request finished HTTP/1.1 GET http://localhost:5155/FillInTheBlank/Question/1 - 404 null text/plain; charset=utf-8 21.8276ms
2025-09-29 17:05:31.897 +02:00 [INF] Request starting HTTP/1.1 GET http://localhost:5155/FillInTheBlank/Question/1 - null null
2025-09-29 17:05:31.898 +02:00 [INF] Executing endpoint 'QuizApp.Controllers.FillInTheBlankController.Question (QuizApp)'
2025-09-29 17:05:31.898 +02:00 [INF] Route matched with {action = "Question", controller = "FillInTheBlank"}. Executing controller action with signature System.Threading.Tasks.Task`1[Microsoft.AspNetCore.Mvc.IActionResult] Question(Int32) on controller QuizApp.Controllers.FillInTheBlankController (QuizApp).
2025-09-29 17:05:31.926 +02:00 [ERR] [FillInTheBlankController] FillInTheBlank question not found for the FillInTheBlankId  0001
2025-09-29 17:05:31.926 +02:00 [INF] Executing NotFoundObjectResult, writing value of type 'System.String'.
2025-09-29 17:05:31.926 +02:00 [INF] Executed action QuizApp.Controllers.FillInTheBlankController.Question (QuizApp) in 27.8379ms
2025-09-29 17:05:31.926 +02:00 [INF] Executed endpoint 'QuizApp.Controllers.FillInTheBlankController.Question (QuizApp)'
2025-09-29 17:05:31.926 +02:00 [INF] Request finished HTTP/1.1 GET http://localhost:5155/FillInTheBlank/Question/1 - 404 null text/plain; charset=utf-8 29.0664ms
2025-09-29 17:05:32.453 +02:00 [INF] Request starting HTTP/1.1 GET http://localhost:5155/FillInTheBlank/Question/1 - null null
2025-09-29 17:05:32.453 +02:00 [INF] Executing endpoint 'QuizApp.Controllers.FillInTheBlankController.Question (QuizApp)'
2025-09-29 17:05:32.454 +02:00 [INF] Route matched with {action = "Question", controller = "FillInTheBlank"}. Executing controller action with signature System.Threading.Tasks.Task`1[Microsoft.AspNetCore.Mvc.IActionResult] Question(Int32) on controller QuizApp.Controllers.FillInTheBlankController (QuizApp).
2025-09-29 17:05:32.455 +02:00 [ERR] [FillInTheBlankController] FillInTheBlank question not found for the FillInTheBlankId  0001
2025-09-29 17:05:32.455 +02:00 [INF] Executing NotFoundObjectResult, writing value of type 'System.String'.
2025-09-29 17:05:32.455 +02:00 [INF] Executed action QuizApp.Controllers.FillInTheBlankController.Question (QuizApp) in 1.643ms
2025-09-29 17:05:32.455 +02:00 [INF] Executed endpoint 'QuizApp.Controllers.FillInTheBlankController.Question (QuizApp)'
2025-09-29 17:05:32.455 +02:00 [INF] Request finished HTTP/1.1 GET http://localhost:5155/FillInTheBlank/Question/1 - 404 null text/plain; charset=utf-8 2.2375ms
2025-09-29 17:09:20.104 +02:00 [INF] Application is shutting down...
