2025-09-29 18:29:08.668 +02:00 [INF] User profile is available. Using '/home/mathias/.aspnet/DataProtection-Keys' as key repository; keys will not be encrypted at rest.
2025-09-29 18:29:08.712 +02:00 [INF] Now listening on: http://localhost:5155
2025-09-29 18:29:08.714 +02:00 [INF] Application started. Press Ctrl+C to shut down.
2025-09-29 18:29:08.714 +02:00 [INF] Hosting environment: Development
2025-09-29 18:29:08.714 +02:00 [INF] Content root path: /home/mathias/Documents/Programmering/QuizApp
2025-09-29 18:29:10.834 +02:00 [INF] Request starting HTTP/1.1 GET http://localhost:5155/ - null null
2025-09-29 18:29:10.845 +02:00 [INF] Executing endpoint 'QuizApp.Controllers.HomeController.Index (QuizApp)'
2025-09-29 18:29:10.850 +02:00 [INF] Route matched with {action = "Index", controller = "Home"}. Executing controller action with signature Microsoft.AspNetCore.Mvc.IActionResult Index() on controller QuizApp.Controllers.HomeController (QuizApp).
2025-09-29 18:29:10.853 +02:00 [INF] Executing ViewResult, running view Index.
2025-09-29 18:29:10.874 +02:00 [INF] Executed ViewResult - view Index executed in 20.6855ms.
2025-09-29 18:29:10.875 +02:00 [INF] Executed action QuizApp.Controllers.HomeController.Index (QuizApp) in 24.2233ms
2025-09-29 18:29:10.875 +02:00 [INF] Executed endpoint 'QuizApp.Controllers.HomeController.Index (QuizApp)'
2025-09-29 18:29:10.876 +02:00 [INF] Request finished HTTP/1.1 GET http://localhost:5155/ - 200 null text/html; charset=utf-8 43.0146ms
2025-09-29 18:29:12.045 +02:00 [INF] Request starting HTTP/1.1 GET http://localhost:5155/FillInTheBlank/Question/1 - null null
2025-09-29 18:29:12.046 +02:00 [INF] Executing endpoint 'QuizApp.Controllers.FillInTheBlankController.Question (QuizApp)'
2025-09-29 18:29:12.052 +02:00 [INF] Route matched with {action = "Question", controller = "FillInTheBlank"}. Executing controller action with signature System.Threading.Tasks.Task`1[Microsoft.AspNetCore.Mvc.IActionResult] Question(Int32) on controller QuizApp.Controllers.FillInTheBlankController (QuizApp).
2025-09-29 18:29:12.139 +02:00 [INF] Executing ViewResult, running view Question.
2025-09-29 18:29:12.171 +02:00 [INF] Executed ViewResult - view Question executed in 32.5496ms.
2025-09-29 18:29:12.171 +02:00 [INF] Executed action QuizApp.Controllers.FillInTheBlankController.Question (QuizApp) in 119.3763ms
2025-09-29 18:29:12.171 +02:00 [INF] Executed endpoint 'QuizApp.Controllers.FillInTheBlankController.Question (QuizApp)'
2025-09-29 18:29:12.173 +02:00 [INF] Request finished HTTP/1.1 GET http://localhost:5155/FillInTheBlank/Question/1 - 200 null text/html; charset=utf-8 128.3886ms
2025-09-29 18:29:15.241 +02:00 [INF] Request starting HTTP/1.1 POST http://localhost:5155/FillInTheBlank/Question/1 - application/x-www-form-urlencoded 198
2025-09-29 18:29:15.242 +02:00 [INF] Executing endpoint 'QuizApp.Controllers.FillInTheBlankController.Question (QuizApp)'
2025-09-29 18:29:15.246 +02:00 [INF] Route matched with {action = "Question", controller = "FillInTheBlank"}. Executing controller action with signature System.Threading.Tasks.Task`1[Microsoft.AspNetCore.Mvc.IActionResult] Question(QuizApp.ViewModels.FillInTheBlankViewModel) on controller QuizApp.Controllers.FillInTheBlankController (QuizApp).
2025-09-29 18:29:15.282 +02:00 [ERR] [FillInTheBlankController] FillInTheBlank question not found for the Id  0000
2025-09-29 18:29:15.288 +02:00 [INF] Executing NotFoundObjectResult, writing value of type 'System.String'.
2025-09-29 18:29:15.289 +02:00 [INF] Executed action QuizApp.Controllers.FillInTheBlankController.Question (QuizApp) in 42.6446ms
2025-09-29 18:29:15.289 +02:00 [INF] Executed endpoint 'QuizApp.Controllers.FillInTheBlankController.Question (QuizApp)'
2025-09-29 18:29:15.289 +02:00 [INF] Request finished HTTP/1.1 POST http://localhost:5155/FillInTheBlank/Question/1 - 404 null text/plain; charset=utf-8 47.9472ms
2025-09-29 18:30:00.685 +02:00 [INF] Application is shutting down...
